# leyendo HOJA Mtria en pedagogia - Num. 0
X Fundamentos Pedagógicos  valor no válido  378-379  370.1-370.15
X Fundamentos Pedagógicos  valor no válido  372-372.9. 373-373.9
# leyendo HOJA Veterinaria y Zootecnia - Num. 1
X Cultura occidental y humanismo cristiano  valor no válido  306.96. 306.0967
X Cultura occidental y humanismo cristiano  valor no válido  306.098 / 230
X Emprendimiento e Innovación  valor no válido  658.401 / 303.484
> Inglés - 428.00207 hasta 428.917 (91494) - truncado a 500 - 428.00706
X Biología celular y Molecular  valor no válido  571.657 571.658
X Biología celular y Molecular  valor no válido  / 570
X Bioquímica del metabolismo  valor no válido  /636.089639
> Introducción a la Medicina Veterinaria y Zootecnia - 636.0896042 hasta 636.08969 (859) - truncado a 500 - 636.0896541
X Farmacología y Terapéutica Veterinaria  valor no válido  636.08955 / 179.3
X Bacteriología y Micología  valor no válido  636.08969-636.0896969 / 636.089696901
> Anatomía Patológica General - 636.08919607 hasta 636.089198607 (2539) - truncado a 500 - 636.089196569
> Patología Sistémica - 636.08961607 hasta 636.0896994607 (833908) - truncado a 500 - 636.0896161199
> Patología Clínica - 636.0896107561 hasta 636.0896907566 (800007) - truncado a 500 - 636.089610806
> Patología Clínica - 636.08961075 hasta 636.089690759 (80010) - truncado a 500 - 636.089611249
> Patología Clínica - 636.089691075 hasta 636.08969940759 (833261) - truncado a 500 - 636.08969107999
> Genética Veterinaria - 636 hasta 896043 (895408) - truncado a 500 - 1135
> Imagenología Veterinaria - 636.089610757 hasta 636.0896907575 (800007) - truncado a 500 - 636.0896108069
> Imagenología Veterinaria - 636.089610757 hasta 636.0896907575 (800007) - truncado a 500 - 636.0896108069
> Imagenología Veterinaria - 636.0896910757 hasta 636.089699407575 (8331877) - truncado a 500 - 636.089691076199
X Clínica y Zootecnia de pequeñas especies  valor no válido  636.5089075-636.598089075  / 639.31089075-639.344089075 / 639.39089075-639.3984089075  / 632.6932089075-636.9322089075  / 632.69335089075
> Clínica de Aves - 636.50896075 hasta 636.50896994075 (919077) - truncado a 500 - 636.50896075499
> Clínica de Aves - 636.59089075 hasta 636.590896994075 (6244077) - truncado a 500 - 636.590890750499
> Clínica de Bovinos - 636.20896075 hasta 636.20896994075 (919077) - truncado a 500 - 636.20896075499
> Clínica de Cerdos - 636.40896075 hasta 636.40896994075 (919077) - truncado a 500 - 636.40896075499
X Clínica de Fauna Silvestre  valor no válido  590.590.911
! Inocuidad Alimentaria  636.852 hasta 636.08528 rango no válido
X Apicultura, Piscicultura y Cunicultura  valor no válido  --639.3-639.34
X Apicultura, Piscicultura y Cunicultura  valor no válido  --639.39-639.3984
> Optativa de tópicos de profundización - 636.0896042 hasta 636.0896994 (953) - truncado a 500 - 636.0896541
X Estancia de Práctica Veterinaria Básica  valor no válido  636.082-636.0855 / 636.08961075-636.08969075
> Estancia de Práctica Veterinaria Básica - 636.08961075 hasta 636.08969075 (8002) - truncado a 500 - 636.08961574
> Estancia de Práctica Veterinaria Básica - 636.089691075 hasta 636.0896994075 (83326) - truncado a 500 - 636.0896911249
> Estancia de Prácticas profesionales - 636.08960756 hasta 636.089690756 (83197) - truncado a 500 - 636.089608059
> Estancia de Prácticas profesionales - 636.0896910756 hasta 636.08969940756 (833198) - truncado a 500 - 636.08969108059
> Seminario de Titulación de Medicina Veterinaria y Zootecnia - 636.089072 hasta 636.08982072 (74874) - truncado a 500 - 636.08907699
> Seminario de Titulación de Medicina Veterinaria y Zootecnia - 636.0896072 hasta 636.0896994072 (922073) - truncado a 500 - 636.0896072499
> Administración y economía de servicios veterinarios y pecuarios - 636.391068 hasta 636.39145068 (38270) - truncado a 500 - 636.39107299
# leyendo HOJA Lic. Humanidades - Num. 2
> LITERATURA - 810 hasta 899.99 (9000) - truncado a 500 - 814.99
> ARTE E HISTORIA - 709 hasta 799.95 (9097) - truncado a 500 - 713.99
> HUMANIDADES Y CULTURA LOCAL - 28 hasta 128.6 (1007) - truncado a 500 - 77.9
> HUMANIDADES Y CULTURA LOCAL - 302 hasta 307.77 (578) - truncado a 500 - 306.99
> PLANTEAMIENTOS FILOSÓFICOS DE LA CULTURA - 1 hasta 307.701 (306702) - truncado a 500 - 1.499
> HABILIDADES ARTÍSTICAS - 700.45 hasta 700.45878 (880) - truncado a 500 - 700.45499
> GESTIÓN CULTURAL - 303.068 hasta 307.068 (4001) - truncado a 500 - 303.567
> INVESTIGACIÓN EN  LAS HUMANIDADES - 1.3072 hasta 1.3099072 (27074) - truncado a 500 - 1.3072499
> INVESTIGACIÓN EN  LAS HUMANIDADES - 128.072 hasta 128.6072 (5354) - truncado a 500 - 128.1219
> INVESTIGACIÓN EN  LAS HUMANIDADES - 300.72 hasta 300.9072 (1873) - truncado a 500 - 300.7699
> INVESTIGACIÓN EN  LAS HUMANIDADES - 302.072 hasta 307.77072 (569873) - truncado a 500 - 302.07699
> INVESTIGACIÓN EN  LAS HUMANIDADES - 306.072 hasta 306.9072 (8353) - truncado a 500 - 306.1219
X EDUCACIÓN GENERAL  valor no válido  372.3372.4
# leyendo HOJA Lic. Filosofía - Num. 3
X Historia de la Filosofía  valor no válido  109.2. 180-190
> Filosofía de la Cultura - 306.09142 hasta 306.0993 (790) - truncado a 500 - 306.09641
> Problemas Filosóficos de la Ciencia - 501 hasta 570.1 (693) - truncado a 500 - 550.9
> Problemas Actuales de Ética Social - 294.56 hasta 297.5697 (30099) - truncado a 500 - 294.6099
# leyendo HOJA Lic. Gastronomía - Num. 4
> Identificación y procesamiento de pescados y mariscos - 639.2 hasta 639.9753 (7754) - truncado a 500 - 639.2499
> Ciencia Gastronómica - 641.2015 hasta 641.8015 (6002) - truncado a 500 - 641.2514
> Ciencia Gastronómica - 641.51015 hasta 641.59015 (8002) - truncado a 500 - 641.51514
> Cocina Mexicana Regional - 641.597232 hasta 641.7237 (126470) - truncado a 500 - 641.597731
! Cocina Mexicana Regional  641.7273 hasta 641.597275 rango no válido
> Cocina del Continente Europeo - 641.59411 hasta 641.5941956 (858) - truncado a 500 - 641.5941599
> Cocina del continente Americano - 641.59794 hasta 641.59797772 (3774) - truncado a 500 - 641.59794499
> Normatividad en Restaurantes - 647.9530218 hasta 647.9590218 (60001) - truncado a 500 - 647.9530717
X Administración del costo de Alimentos y Bebidas  valor no válido  338.486412-338.476418/338.476412-338.4764126
# leyendo HOJA LICENCIATURA EN TRABAJO SOCIAL - Num. 5
X Fundamentos de Trabajo Social  valor no válido  361.30683. 361.3092
X Fundamentos de Trabajo Social  valor no válido  361.37092/361.008
X Fundamentos de Trabajo Social  valor no válido  361-369/369.3
> Fundamentos de Trabajo Social - 369 hasta 43092 (42724) - truncado a 500 - 868
X Fundamentos de Trabajo Social  valor no válido  369.47/360
X Fundamentos de Trabajo Social  valor no válido  361.3087/360-369
X Instituciones y Trabajo Social  valor no válido  366.1-366-5
X Modelos de Trabajo Social  valor no válido  361.37 (361.3-361.9)
X Manejo de Hoja de Datos  valor no válido  025.0427 / 005.72
X Desarrollo del Adulto  valor no válido  155.65-155-67
X Salud Mental y Primeros Auxilios Psicológicos  valor no válido  / 616.895025
X Fundamentos de la Multiculturalidad  valor no válido  306.446. 306.446019
X Trabajo Social Individualizado  valor no válido  361.30683. 361.3092
> Trabajo Social Comunitario - 369 hasta 43092 (42724) - truncado a 500 - 868
X Trabajo Social Empresarial  valor no válido  366.1-366-5
X Trabajo Social Educativo  valor no válido  361.3092. 361.32
X Trabajo Social Educativo  valor no válido  361.37092 / 374.008
> Derechos Humanos - 323.322 hasta 323.32927 (729) - truncado a 500 - 323.32699
X Legislación Penal  valor no válido  345.01202643. 345.01402643
X Legislación Penal  valor no válido  345.0202643-345.0402643. 345.0502643
> Legislación Penal - 345.06202643 hasta 345.06702643 (500001) - truncado a 500 - 345.06203142
X Estado y Política Social  valor no válido  320.12/361.61
X Intervención Social en Contextos Emergentes  valor no válido  302.-307
# leyendo HOJA Lic. Psicologia educativa - Num. 6
X Habilidades para el Aprendizaje  valor no válido  371. 148
X SOCIEDAD Y CULTURA  valor no válido  306.7-306.9 / 306.01
X SOCIEDAD Y CULTURA  valor no válido  306.09142-306.0993. 306.1
> SOCIEDAD Y CULTURA - 306.70811 hasta 306.77 (6191) - truncado a 500 - 306.7131
! Desarrollo Infantojuvenil  155.7571 hasta 155.4579 rango no válido
X Desarrollo del Adulto  valor no válido  155.65-155-67
X Desarrollo del Adulto  valor no válido  155.64-155.
> Epidemiología en Psicología - 616.8050472 hasta 616.8090472 (40002) - truncado a 500 - 616.8050971
> Sexualidad Humana - 306 hasta 77086643 (77086338) - truncado a 500 - 805
X Salud Mental y Primeros Auxilios Psicológicos  valor no válido  / 616.895025
X Psicobiología  valor no válido  573.84-573.89 / 612.8
X Neurociencias de la conducta  valor no válido  158.39 / 612.8
X Neurociencias de la conducta  valor no válido  612.82..6
X Orientación Profesional y Labora  valor no válido  378.1951 / 158.
X Orientación Profesional y Labora  valor no válido  158.9 / 331.702
X Dificultades de Aprendizaje  valor no válido  371.9144. 371.916
X Evaluación Psicopedagógica  valor no válido  153.98 / 370.15
X Inclusión Educativa y Social  valor no válido  371.904-371.9043-371.9047
X Dinámica de Grupos  valor no válido  302.34082. 302.34083
X Psicología Organizacional  valor no válido  158.9/ 658.3
> Talento Humano - 153.94001 hasta 153.94999 (1000) - truncado a 500 - 153.9450
> Consultoría de Proyectos Organizacionales - 352.3011 hasta 352.39 (890) - truncado a 500 - 352.351
X Consultoría de Proyectos Organizacionales  valor no válido  / 658.46
X Evaluación del Comportamiento y Desarrollo Humano de las Organizaciones  valor no válido  658.3001 / 658.4
X Modelos de Trabajo Flexibles  valor no válido  331.595 / 658.3
X Modelos de Trabajo Flexibles  valor no válido  658.382. 658.3822
# leyendo HOJA Derecho Tehuacán - Num. 7
X Logica Jurídica  valor no válido  345.052. 345.0522
X Derecho Penal  valor no válido  345.012. 345.014
X Derecho Penal  valor no válido  345.02-345.04. 345.05
X Teoria General del Proceso  valor no válido  345.056/347.05
X Teoria General del Proceso  valor no válido  347.09347.07-347.077
> Derechos Humanos y Constitucional - 323.322 hasta 323.32927 (729) - truncado a 500 - 323.32699
X Delítos del fuero común y federales  valor no válido  364.156/ 364.106
X Delítos del fuero común y federales  valor no válido  364.13. 364.131-364.138
X Delítos del fuero común y federales  valor no válido  /364.151-364.158
X Delítos del fuero común y federales  valor no válido  / 364.16
X Delítos del fuero común y federales  valor no válido  /364.17
X Sociedades Mercantiles  valor no válido  346. 064
X Derecho Laboral  valor no válido  344.01. 344.010263
X Derecho internacional Público  valor no válido  327.3-327.9 / 341
X Derecho internacional Público  valor no válido  341.1. 341.2-341.7:09
X Derecho internacional Público  valor no válido  341.72. 341.73
> Derecho Procesal Mercantil - 343.081026 hasta 343.085026 (4002) - truncado a 500 - 343.081525
> Derecho Procesal Mercantil - 343.0871026 hasta 343.0875026 (4002) - truncado a 500 - 343.0871525
X Derecho Procesal Mercantil  valor no válido  343.2407026/346.07026
X Derecho Procesal Penal  valor no válido  345.012026. 345.014026
X Derecho Procesal Penal  valor no válido  345.02026-345.04026. 345.05026
> Derecho Procesal Penal - 345.062026 hasta 345.067026 (5001) - truncado a 500 - 345.062525
X Derecho Ambiental  valor no válido  344.0463.
X Derecho Procesal Laboral  valor no válido  344.01026. 344.010263026
> Derecho Procesal Laboral - 344.01252026 hasta 344.012596026 (75768) - truncado a 500 - 344.012520759
> Derecho Procesal Laboral - 344.0188026 hasta 344.01894026 (13768) - truncado a 500 - 344.01880759
X Derecho Agrario  valor no válido  343.076343.076
X Derecho Agrario  valor no válido  343.07662142 / 346.044
# leyendo HOJA Medicina Veterinaria y Zotecnia - Num. 8
X Biologia Celular y Molecular  valor no válido  Bio. mol.571
X Biologia Celular y Molecular  valor no válido  571.657 571.658
X Biologia Celular y Molecular  valor no válido  / 570
X Bioquímica del merabolismo  valor no válido  /636.089639
X Matemáticas básicas para las ciencias de la salud  valor no válido  537.6 537.62-537.65
X Inmunología  valor no válido  617.63/616.079
X Inmunología  valor no válido  616.978 / 636.0896079
X Herramientas y Comunidad Digital  valor no válido  Herramientas 004.6
X Herramientas y Comunidad Digital  valor no válido  004.678071/Comunidad Digital 004.678082
X Herramientas y Comunidad Digital  valor no válido  004.678086942  /Redes sociales 302.3
X Farmacología y Terapeutica Veterinaria  valor no válido  636.08951/179.3
X Farmacología y Terapeutica Veterinaria  valor no válido  636.0832 636.0895
X Bacteriología y Micología  valor no válido  636.0896927/636.089696901
> Genética Veterinaria - 636 hasta 896043 (895408) - truncado a 500 - 1135
! Producción Animal  636.001 hasta 9 rango no válido
X Producción Animal  valor no válido  636.083. 636.0831-636.0839
X Producción Animal  valor no válido  636.0852-636.08557636.086-0862
X Producción Animal  valor no válido  636.088-636.0882-636.0889
# leyendo HOJA Lic en Comunicación y medios di - Num. 9
X Herramientas y Comunidad Digital  valor no válido  Herramientas 004.6
X Herramientas y Comunidad Digital  valor no válido  004.678071/Comunidad Digital 004.678082
X Herramientas y Comunidad Digital  valor no válido  004.678086942  /Redes sociales 302.3
> Escritura digital - 653.20285 hasta 653.40285 (20001) - truncado a 500 - 653.20784
> Escritura digital - 653.430285 hasta 653.490285 (60001) - truncado a 500 - 653.430784
! Fundamentos de medios audiovisuales  70 hasta 19 rango no válido
! Fundamentos de medios audiovisuales  302.23450871 hasta 302.2345083 rango no válido
X Periodismo  valor no válido  070.43/ 302.23
> Periodismo - 302 hasta 2322 (2021) - truncado a 500 - 801
X Enfoques de la comunicación  valor no válido  004-692-004.695
> Enfoques de la comunicación - 303 hasta 4832 (4530) - truncado a 500 - 802
X Enfoques de la comunicación  valor no válido  384.1-384.6/621.382
X Producción Audiovisual  valor no válido  776.6 / 006.696
X Comunicación y sociedad  valor no válido  302.231-302.235/300
X Comunicación y sociedad  valor no válido  305. 305.2-305.9
X Tecnicas avanzadas para medios digitales  valor no válido  /621.367
X Tecnicas avanzadas para medios digitales  valor no válido  621.3678/741.6
X Mercadotecnia y publicidad  valor no válido  658.80401-.80409
X Mercadotecnia y publicidad  valor no válido  658.872 /
# leyendo HOJA INGENIERÍA CIVIL - Num. 10
X Introducción a la Matemática Universitaria  valor no válido  531.6531.68
X Introducción a la Matemática Universitaria  valor no válido  537.6537.62-537.65
X Cálculo de varias variables  valor no válido  515.
X Física Básica  valor no válido  /539
X Física Básica  valor no válido  / 621
> Física Básica - 621.3132 hasta 621.38 (669) - truncado a 500 - 621.3631
X Física Básica  valor no válido  / 621.384621.38411-621.38485
X Electromagnetismo  valor no válido  537.1-537-24
! Electromagnetismo  537 hasta 62 rango no válido
X Química General  valor no válido  /615.2-615.3
> Materiales de Construcción - 91.1 hasta 691.9 (6009) - truncado a 500 - 141
X Topografía  valor no válido  526-61-526.64
! Procedimientos de Construcción  691.11 hasta 690.13 rango no válido
X Procedimientos de Construcción  valor no válido  694.
X Procedimientos de Construcción  valor no válido  694.1-694.2-694.6
X Instalaciones Electricas  valor no válido  621.31924. 644.3
X Criterios de Diseño Estructural  valor no válido  15/624.19
X Diseño de Estructuras de Concreto  valor no válido  623.81834 623.8454
X Diseño de Estructuras de Acero  valor no válido  624.1822/624.1829
X Ingeniería Sísmica  valor no válido  551.220287 / 693
! Diseño de Estructuras de Mamposteria  693 hasta 2 rango no válido
X Geología  valor no válido  553.1-553.2-553-9
X Comportamiento de los suelos  valor no válido  .631.41-631.417
> Diseño Geotécnico de Cimentaciones - 624 hasta 1517 (894) - truncado a 500 - 1123
X Hidráulica General  valor no válido  627-12-627.14
X Obras Hidráulicas  valor no válido  627-12-627.14
! Transporte  388 hasta 47 rango no válido
# leyendo HOJA INGENIERÍA AEROESPACIAL - Num. 11
X Ciencia de Materiales  valor no válido  620.5620.11
X Química General  valor no válido  /615.2-615.3
X Electromagnetismo  valor no válido  537.1-537-24
! Electromagnetismo  537 hasta 62 rango no válido
X Probabilidad y Estadística  valor no válido  519.287/519.5
X Probabilidad y Estadística  valor no válido  519.54-519-546
X Fundamentos de la Ingeniería Aeroespacial  valor no válido  629-135-629.1355
X Análisis de Circuitos  valor no válido  621.312-621.621.319
X Sensores y Acondicionamiento de Señales  valor no válido  681.4 681.41
X Sensores y Acondicionamiento de Señales  valor no válido  /
X Sistemas Embebidos  valor no válido  /621.39767
X Sistemas de Comunicaciones  valor no válido  (621.382
X Sistemas de Comunicaciones  valor no válido  621.3821-.38212
X Sistemas de Comunicaciones  valor no válido  .38215
X Sistemas de Comunicaciones  valor no válido  .38216
X Sistemas de Comunicaciones  valor no válido  .3822-.38223)
X Sistemas de Comunicaciones  valor no válido  621.38621.3825
X Procesos de Fabricación  valor no válido  670.42671/ 671.2-671.7
X Procesos de Fabricación  valor no válido  671.73 / 681.1
X Procesos de Fabricación  valor no válido  681.8 / 621.9
X Máquinas y Mecanismos  valor no válido  629.2872 / Sistema electrico 629.2293
X Máquinas y Mecanismos  valor no válido  629.89 / Motores 621.3
X Diseño Mecánico  valor no válido  629.29  Automotriz 629.2
X Diseño Mecánico  valor no válido  629.25.629.28
X Diseño Mecánico  valor no válido  629.29  Mecánica 620.104
X Ingeniería Financiera  valor no válido  332. 6328
X Ingeniería Financiera  valor no válido  332.6424-.6429
X Ingeniería de Proyectos  valor no válido  621.471-.477
! Ingeniería de Proyectos  628.72 hasta 621.7466 rango no válido
X Mecánica Orbital  valor no válido  629.132305 629.132306
X Mecánica Orbital  valor no válido  629.13238 / 629.4
X Dinámica y Control de Vuelo  valor no válido  629.132305 629.132306
X Percepción Remota  valor no válido  681.4 681.41
X Percepción Remota  valor no válido  / Robotica 629
# leyendo HOJA Esp. Odontología Restaurativa - Num. 12
X Anatomía Humana de Cabeza y Cuello  valor no válido  611.81---611.9
X Anatomía Humana de Cabeza y Cuello  valor no válido  611.93---612.9
X Anatomía Humana de Cabeza y Cuello  valor no válido  612.93---617.51
X Anatomía Humana de Cabeza y Cuello  valor no válido  617.514---617.52
X Fisiología Avanzada  valor no válido  611.01816  /612
X Bases de Endoperiodoncia  valor no válido  617.6342059---617.6342075
X Bases de Periodoncia  valor no válido  617.6320592---617.6320754
X Fundamentos de Implantología Restaurativa  valor no válido  617.956---- 617.605
X Clínica de Simulación y Laboratorios Dental  valor no válido  617.6907572---617.690284
X Clínica de Simulación y Laboratorios Dental  valor no válido  617.6920750724-617.69207572--617
X Clínica Restaurativa e Implantología Oral  valor no válido  617.693075----617.643075
X Clínica Restaurativa e Implantología Oral  valor no válido  617.6430754 --617.645075
# leyendo HOJA Especialidad en ortodoncia - Num. 13
X Anatomia humana de cabeza y cuello  valor no válido  / 617.51
X Genética  valor no válido  599.935/611.01816
X Histología y Embiología Bucal  valor no válido  /174.28
X Fisiología avanzada  valor no válido  571.1 571.2
X Fisiología avanzada  valor no válido  /611.0181
X Fisiología avanzada  valor no válido  611.01816  /612
X Introducción a la clínica  valor no válido  617.645303/617.60751
X Auxiliares de diagnósti o y cefalometrías  valor no válido  617.64307575/ 617.6450757
X Diagnostico y plan de tratamiento  valor no válido  64307581 / 617.645059
X Biomecánica  valor no válido  612.01442-612-01448
X Cirugía Ortognática  valor no válido  617.520592. 617.522059
X Diagnóstico y presentación de casos y Clínica de Ortodoncia  valor no válido  617.643075722 / 617.645059
X Clínica de Ortodoncia  valor no válido  617.6430754 --617.645075
# leyendo HOJA Mtría. en Ingeniería Mecatrónic - Num. 14
X Línea Curricular  valor no válido  629.2872 / 001.550285
X Línea Curricular  valor no válido  670.4275 / 629
X Línea Curricular  valor no válido  629.895 / 629.2293
X Línea Curricular  valor no válido  629.89 / 671
X Línea Curricular  valor no válido  679.4-679.7 / 621.382
X Pensamiento Lógico y sistematico  valor no válido  160.1198 / 511.3
X Pensamiento Lógico y sistematico  valor no válido  511.318 / 121
> mecatrónica - 31 hasta 621 (591) - truncado a 500 - 530
X mecatrónica  valor no válido  621.5. 621.51-621.59
X mecatrónica  valor no válido  -621.81-621.89
X mecatrónica  valor no válido  621.9-621902-621.908
X tópicos profesionales  valor no válido  378.1982827 378.19828282082
X tópicos profesionales  valor no válido  378.199 610.92
X tópicos profesionales  valor no válido  658.28 378
X Robótica e Instumentación  valor no válido  629.895/620.004
X Robótica e Instumentación  valor no válido  658.45 /
! sistemas sustentables  621 hasta 485 rango no válido
# leyendo HOJA Economía - Num. 15
X Métodos Cuantitativos  valor no válido  /658.15
X Métodos Cuantitativos  valor no válido  / 658.403
X Métodos Cuantitativos  valor no válido  /658.5
X Bienestar y Políticas Públicas  valor no válido  /352
> Economía y Política Empresarial - 334.1 hasta 3347 (30130) - truncado a 500 - 384
X Economía y Política Empresarial  valor no válido  336.01-.09
X Economía y Política Empresarial  valor no válido  336.4-.9
X Economía y Política Empresarial  valor no válido  337.15-.19
X Economía y Política Empresarial  valor no válido  337..3-.9
X Economía y Política Empresarial  valor no válido  640 / 330
X Economía Financiera  valor no válido  332.9 / 338.5
X Integración  valor no válido  /001.4
X Investigación  valor no válido  352.73072352.75072
X Investigación  valor no válido  378.007 / 332.072
> Economía y Política Empresarial - 330.122 hasta 3301552 (3301221879) - truncado a 500 - 330.621
# leyendo HOJA Mtria. Liderazgo y gestión educ - Num. 16
> LIDERAZGO EDUCATIVO - 324.24071 hasta 324.29071 (5002) - truncado a 500 - 324.2457
X PLANEACIÓN Y GESTIÓN  valor no válido  370.1068.-370.9068
> PLANEACIÓN Y GESTIÓN - 370.11068 hasta 370.158068 (47390) - truncado a 500 - 370.111179
> PLANEACIÓN Y GESTIÓN - 371.01068 hasta 371.08068 (7001) - truncado a 500 - 371.01567
> PLANEACIÓN Y GESTIÓN - 371.1023068 hasta 371.195068 (927613) - truncado a 500 - 371.1023567
X PLANEACIÓN Y GESTIÓN  valor no válido  371.2001-.2009
> PLANEACIÓN Y GESTIÓN - 371.201068 hasta 371.207068 (6001) - truncado a 500 - 371.201567
> PLANEACIÓN Y GESTIÓN - 371.21068 hasta 371.29068 (8001) - truncado a 500 - 371.21567
> PLANEACIÓN Y GESTIÓN - 371.32068 hasta 371.39068 (7001) - truncado a 500 - 371.32567
> PLANEACIÓN Y GESTIÓN - 372.1068 hasta 372.9068 (8001) - truncado a 500 - 372.1567
X PLANEACIÓN Y GESTIÓN  valor no válido  373.01-.09
> PLANEACIÓN Y GESTIÓN - 373.21068 hasta 373.28068 (7001) - truncado a 500 - 373.21567
> PLANEACIÓN Y GESTIÓN - 373.3068 hasta 373.9068 (6001) - truncado a 500 - 373.3567
X PLANEACIÓN Y GESTIÓN  valor no válido  375.0001-.0009
> PLANEACIÓN Y GESTIÓN - 378.101068 hasta 378.109068 (8001) - truncado a 500 - 378.101567
> PLANEACIÓN Y GESTIÓN - 378.11068 hasta 378.19068 (8001) - truncado a 500 - 378.11567
> PLANEACIÓN Y GESTIÓN - 378.2068 hasta 378.28068 (7390) - truncado a 500 - 378.21179
> PLANEACIÓN Y GESTIÓN - 378.3068 hasta 378.38068 (7389) - truncado a 500 - 378.31179
> PLANEACIÓN Y GESTIÓN - 378.4068 hasta 378.9068 (5001) - truncado a 500 - 378.4567
X PLANEACIÓN Y GESTIÓN  valor no válido  379.4068-379.9068/658.02-658.049 / 658.1- 658.166 / 658.3- 658.38 / 658.4-658.43
# leyendo HOJA Mtria. Desarrollo humano - Num. 17
> LIDERAZGO EDUCATIVO - 324.24071 hasta 324.29071 (5002) - truncado a 500 - 324.2457
> ACOMPAÑAMIENTO EN PROCESOS DE FORMACIÓN - 371.90432 hasta 371.9569 (5260) - truncado a 500 - 371.90931
X ACOMPAÑAMIENTO EN PROCESOS DE FORMACIÓN  valor no válido  378.1378.12212
! ACOMPAÑAMIENTO EN PROCESOS DE FORMACIÓN  378.172 hasta 179 rango no válido
X ACOMPAÑAMIENTO EN PROCESOS DE FORMACIÓN  valor no válido  378.177-.1797
X ACOMPAÑAMIENTO EN PROCESOS DE FORMACIÓN  valor no válido  378.175-.1758
# leyendo HOJA Lic. Nutrición - Num. 18
X Lengua y Cultura  valor no válido  /401
X Lengua y Cultura  valor no válido  /404.2
X Lengua y Cultura  valor no válido  /406/306.446/407/408/408.9409/410/411-415/417
X Lengua y Cultura  valor no válido  417.7/ 420-491/492-499
> Biología - 577 hasta 579.1788 (21790) - truncado a 500 - 577.0499
X Medicina  valor no válido  618.97.
X Nutrición  valor no válido  613.2851. 613.2852
X Nutrición  valor no válido  613.287 / 614.5939
X Medicina Clínica  valor no válido  616.1-616.9:075-079
X Psicología  valor no válido  150.1953-.1988
X Psicología  valor no válido  /152.1
X Psicología  valor no válido  152.14-.189
X Psicología  valor no válido  152.32-.385
X Psicología  valor no válido  152.41-.48
X Psicología  valor no válido  / 153
X Psicología  valor no válido  154.72-.774
X Psicología  valor no válido  / 156
X Psicología  valor no válido  156.9/ 158
X Psicología  valor no válido  158.24-.27
X Nutrición y Sociedad  valor no válido  614.5939 / 302
X Nutrición Preventiva  valor no válido  613.2851. 613.2852
X Nutrición y Salud  valor no válido  614.5939 / 614
X Ciencia de los Alimentos  valor no válido  641.33-.35
X Ciencia de los Alimentos  valor no válido  641.62-.625
X Ciencia de los Alimentos  valor no válido  641.63-.68
X Ciencia de los Alimentos  valor no válido  641.69-.696
X Ciencia de los Alimentos  valor no válido  641.819 / 664
X Nutrición Clinica  valor no válido  -616.019
X Tópicos Profesionales  valor no válido  613.23-.269
X Tópicos Profesionales  valor no válido  613.282-.287
X Tópicos Profesionales  valor no válido  /614.5939
X Tópicos Profesionales  valor no válido  /  641.302
X Tópicos Profesionales  valor no válido  641.33-.35
X Integración  valor no válido  /001.4
> Investigación - 613.282072 hasta 613.286072 (4002) - truncado a 500 - 613.282571
X Nutrición  valor no válido  613.2851. 613.2852
X Nutrición  valor no válido  613.287 / 614.5939
> Ciencia de los alimentos - 641.302 hasta 641.819 (518) - truncado a 500 - 641.801
> Ciencia de los alimentos - 616.3 hasta 616.3999 (1001) - truncado a 500 - 616.3499
> Nutrición Clinica - 616.3 hasta 616.3999 (1001) - truncado a 500 - 616.3499
X Tópicos Profesionales  valor no válido  y 363.8-363.883
X Tópicos Profesionales  valor no válido  612.3 y 613.2-613.287
> Tópicos Profesionales - 616.3 hasta 616.39982 (9984) - truncado a 500 - 616.30499
# leyendo HOJA Dorctorado Planeación estrategi - Num. 19
X INGENIERÍA E INNOVACIÓN TECNOLÓGICA  valor no válido  621.3. 621.4
X INGENIERÍA E INNOVACIÓN TECNOLÓGICA  valor no válido  / 338.064
X INGENIERÍA E INNOVACIÓN TECNOLÓGICA  valor no válido  621.3. 621.4
X INGENIERÍA E INNOVACIÓN TECNOLÓGICA  valor no válido  628.0287/ 303.483
X INGENIERÍA E INNOVACIÓN TECNOLÓGICA  valor no válido  / 338.064
X LOGÍSTICA Y DIRECCIÓN DE LA CADENA DE SUMINISTRO  valor no válido  355.8// 352.55
X LOGÍSTICA Y DIRECCIÓN DE LA CADENA DE SUMINISTRO  valor no válido  / 658.50300684
X LOGÍSTICA Y DIRECCIÓN DE LA CADENA DE SUMINISTRO  valor no válido  //651.2900684
X TECNOLOGÍAS DE INFORMACIÓN Y COMUNICACIÓN  valor no válido  //620.0042
X TECNOLOGÍAS DE INFORMACIÓN Y COMUNICACIÓN  valor no válido  621.384 / 004.6
X TECNOLOGÍAS DE INFORMACIÓN Y COMUNICACIÓN  valor no válido  (621.382
X TECNOLOGÍAS DE INFORMACIÓN Y COMUNICACIÓN  valor no válido  621.3821-.38212
X TECNOLOGÍAS DE INFORMACIÓN Y COMUNICACIÓN  valor no válido  .38215
X TECNOLOGÍAS DE INFORMACIÓN Y COMUNICACIÓN  valor no válido  .38216
X TECNOLOGÍAS DE INFORMACIÓN Y COMUNICACIÓN  valor no válido  .3822-.38223)
X TECNOLOGÍAS DE INFORMACIÓN Y COMUNICACIÓN  valor no válido  621.38621.3825
X SISTEMAS INTEGRADOS DE MANUFACTURA  valor no válido  /600
X SISTEMAS INTEGRADOS DE MANUFACTURA  valor no válido  690 / 621.707
X SISTEMAS INTEGRADOS DE MANUFACTURA  valor no válido  670.42671/ 671.2-671.7
X SISTEMAS INTEGRADOS DE MANUFACTURA  valor no válido  671.73 / 681.1
X SISTEMAS INTEGRADOS DE MANUFACTURA  valor no válido  681.8 / 621.9
X SISTEMAS INTEGRADOS DE MANUFACTURA  valor no válido  621.99/ 658.5
X SISTEMAS INTEGRADOS DE MANUFACTURA  valor no válido  658.564) (631.3
X SISTEMAS INTEGRADOS DE MANUFACTURA  valor no válido  681.763)
X SISTEMAS INTEGRADOS DE MANUFACTURA  valor no válido  ( 671.3
X SISTEMAS INTEGRADOS DE MANUFACTURA  valor no válido  681.767)
X SISTEMAS INTEGRADOS DE MANUFACTURA  valor no válido  (621.31042
X SISTEMAS INTEGRADOS DE MANUFACTURA  valor no válido  ) (681.761)
X SISTEMAS INTEGRADOS DE MANUFACTURA  valor no válido  (686.2254
X SISTEMAS INTEGRADOS DE MANUFACTURA  valor no válido  681.61) (621.9
X SISTEMAS INTEGRADOS DE MANUFACTURA  valor no válido  621.99)
> ECONOMÍA Y FINANZAS - 334.1 hasta 3347 (30130) - truncado a 500 - 384
X ECONOMÍA Y FINANZAS  valor no válido  336.01-.09
X ECONOMÍA Y FINANZAS  valor no válido  336.4-.9
X ECONOMÍA Y FINANZAS  valor no válido  337.15-.19
X ECONOMÍA Y FINANZAS  valor no válido  337..3-.9
X ECONOMÍA Y FINANZAS  valor no válido  640 /Finanzas 332
X ECONOMÍA Y FINANZAS  valor no válido  332.9 / 338.5
> SEMINARIOS DE INVESTIGACIÓN - 658.4010072 hasta 658.4090072 (80002) - truncado a 500 - 658.4010571
X SEMINARIOS DE INVESTIGACIÓN  valor no válido  //615.1900684
X SEMINARIOS DE INVESTIGACIÓN  valor no válido  621.5100684.68400684
> INVESTIGACIÓN - 658.4010072 hasta 658.4090072 (80002) - truncado a 500 - 658.4010571
X INVESTIGACIÓN  valor no válido  //615.190072
X DIRECCIÓN DE TECNOLOGÍA  valor no válido  y 620.0042- 621.384 / 620
X DIRECCIÓN DE TECNOLOGÍA  valor no válido  620.8 / 621.04
# leyendo HOJA Mtria. Planeación estratégica e - Num. 20
X INGENIERÍA E INNOVACIÓN TECNOLOGICA  valor no válido  621.3. 621.4
X INGENIERÍA E INNOVACIÓN TECNOLOGICA  valor no válido  628.0287/ 303.483
X INGENIERÍA E INNOVACIÓN TECNOLOGICA  valor no válido  / 338.064
X INGENIERÍA E INNOVACIÓN TECNOLÓGICA  valor no válido  621.3. 621.4
X INGENIERÍA E INNOVACIÓN TECNOLÓGICA  valor no válido  628.0287/ 303.483
X INGENIERÍA E INNOVACIÓN TECNOLÓGICA  valor no válido  / 338.064
X LOGÍSTICA Y DIRECCIÓN DE LA CADENA DE SUMINISTRO  valor no válido  355.8// 352.55
X LOGÍSTICA Y DIRECCIÓN DE LA CADENA DE SUMINISTRO  valor no válido  / 658.50300684
X LOGÍSTICA Y DIRECCIÓN DE LA CADENA DE SUMINISTRO  valor no válido  //651.2900684
X DESARROLLO HUMANO Y ORGANIZACIONAL  valor no válido  658.3001 / 658.4
X TECNOLOGÍAS DE LA INFORMACIÓN  valor no válido  //620.0042
X SISTEMAS INTEGRADOS DE MANUFACTURA  valor no válido  /600
X SISTEMAS INTEGRADOS DE MANUFACTURA  valor no válido  690 / 621.707
X SISTEMAS INTEGRADOS DE MANUFACTURA  valor no válido  670.42671/ 671.2-671.7
X SISTEMAS INTEGRADOS DE MANUFACTURA  valor no válido  671.73 / 681.1
X SISTEMAS INTEGRADOS DE MANUFACTURA  valor no válido  681.8 / 621.9
X SISTEMAS INTEGRADOS DE MANUFACTURA  valor no válido  621.99/ 658.5
X SISTEMAS INTEGRADOS DE MANUFACTURA  valor no válido  658.564) (631.3
X SISTEMAS INTEGRADOS DE MANUFACTURA  valor no válido  681.763)
X SISTEMAS INTEGRADOS DE MANUFACTURA  valor no válido  ( 671.3
X SISTEMAS INTEGRADOS DE MANUFACTURA  valor no válido  681.767)
X SISTEMAS INTEGRADOS DE MANUFACTURA  valor no válido  (621.31042
X SISTEMAS INTEGRADOS DE MANUFACTURA  valor no válido  ) (681.761)
X SISTEMAS INTEGRADOS DE MANUFACTURA  valor no válido  (686.2254
X SISTEMAS INTEGRADOS DE MANUFACTURA  valor no válido  681.61) (621.9
X SISTEMAS INTEGRADOS DE MANUFACTURA  valor no válido  621.99)
> SEMINARIO DE ACTUALIZACIÓN E INTEGRACIÓN - 658.401007 hasta 658.409007 (8001) - truncado a 500 - 658.401506
X SEMINARIO DE ACTUALIZACIÓN E INTEGRACIÓN  valor no válido  //615.19007
X SEMINARIO DE ACTUALIZACIÓN E INTEGRACIÓN  valor no válido  621.5107.684.007
> INVESTIGACIÓN - 658.4010072 hasta 658.4090072 (80002) - truncado a 500 - 658.4010571
X INVESTIGACIÓN  valor no válido  //615.190072
X DIRECCIÓN DE TECNOLOGÍA  valor no válido  y 620.0042- 621.384 / 620
X DIRECCIÓN DE TECNOLOGÍA  valor no válido  620.8 / 621.04
X DIRECCIÓN DE TECNOLOGÍA  valor no válido  621.3. 621.4
# leyendo HOJA Arquitectura - Num. 21
X EMPRENDIMIENTO  valor no válido  650.1658.01
X IDIOMAS  valor no válido  / 430
X IDIOMAS  valor no válido  /440
X IDIOMAS  valor no válido  / 450
X IDIOMAS  valor no válido  / 460
X IDIOMAS  valor no válido  / 470
X IDIOMAS  valor no válido  / 480
X IDIOMAS  valor no válido  / 490
X DISEÑO ARQUITECTONICO  valor no válido  729..24
X FISICO-MATEMATICAS  valor no válido  /539
X FISICO-MATEMATICAS  valor no válido  / 621
> FISICO-MATEMATICAS - 621.3132 hasta 621.38 (669) - truncado a 500 - 621.3631
X FISICO-MATEMATICAS  valor no válido  / 621.384621.38411-621.38485/510
X FISICO-MATEMATICAS  valor no válido  537.6537.62-537.65
X COMUNICACIÓN GRAFICA  valor no válido  /686.1
X COMUNICACIÓN GRAFICA  valor no válido  686.288 /741.640141
X HISTORIA  valor no válido  722.2.722.3-722.33
X HISTORIA  valor no válido  722.44. 722.5-722.51
X TEORIA  valor no válido  726.7725.101
X TEORIA  valor no válido  726.8725.101
X TEORIA  valor no válido  726.9725.101
> TEORIA - 728.401 hasta 728.901 (501) - truncado a 500 - 728.90
X CONSTRUCCION  valor no válido  690.141.690.143
> ADMINISTRACION Y GESTION - 726.1068 hasta 726.3068 (2001) - truncado a 500 - 726.1567
> ADMINISTRACION Y GESTION - 727.1068 hasta 727.3068 (2001) - truncado a 500 - 727.1567
X ADMINISTRACION Y GESTION  valor no válido  728.047728.047
> ADMINISTRACION Y GESTION - 728.4068 hasta 728.9068 (5001) - truncado a 500 - 728.4567
X URBANISMO  valor no válido  307.3416 / 711
X AREA DISCIPLINAR  valor no válido  728.4-728.9/ 729
X AREA DISCIPLINAR  valor no válido  729..24
X AREA DISCIPLINAR  valor no válido  729.8/ 690
X AREA DISCIPLINAR  valor no válido  690.141.690.143
X AREA DISCIPLINAR  valor no válido  721.044 /
X SISTEMAS ACADEMICOS DE PERTINENCIA SOCIAL  valor no válido  378.103 / 004
X SISTEMAS ACADEMICOS DE PERTINENCIA SOCIAL  valor no válido  /370
X EDUCACION GENERAL  valor no válido  370.1-.9
X EDUCACION GENERAL  valor no válido  370.11-.158
X EDUCACION GENERAL  valor no válido  371.01-.08
X EDUCACION GENERAL  valor no válido  371.1023-.195
X EDUCACION GENERAL  valor no válido  371.2001-.2009
X EDUCACION GENERAL  valor no válido  371.201-.207
X EDUCACION GENERAL  valor no válido  372.1-.9
X EDUCACION GENERAL  valor no válido  373.01-.09
X EDUCACION GENERAL  valor no válido  373.21-.28
X EDUCACION GENERAL  valor no válido  373.3-.9
X EDUCACION GENERAL  valor no válido  374.003-.005
X EDUCACION GENERAL  valor no válido  375.0001-.0009
X EDUCACION GENERAL  valor no válido  375.001-.006
X EDUCACION GENERAL  valor no válido  378.001-.009
X EDUCACION GENERAL  valor no válido  378.101-.109
X EDUCACION GENERAL  valor no válido  378.4-.9
X EDUCACION GENERAL  valor no válido  379.4-.9
X INVESTIGACION  valor no válido  378.007/ 720
> INVESTIGACION - 271.072 hasta 279.072 (8001) - truncado a 500 - 271.571
X INVESTIGACION  valor no válido  726.072-726.1072-726.3072
> INVESTIGACION - 726.4072 hasta 726.9072 (5001) - truncado a 500 - 726.4571
> INVESTIGACION - 727.1072 hasta 727.9072 (8001) - truncado a 500 - 727.1571
> INVESTIGACION - 728.1072 hasta 728.9072 (8001) - truncado a 500 - 728.1571
! INVESTIGACION  729.1072 hasta 727.2072 rango no válido
X INVESTIGACION  valor no válido  729.4072-729.4072-729.8072
# leyendo HOJA Resiseño Lic. Psicología - Num. 22
> Historia de la psicología - 150.9309 hasta 150.9909 (602) - truncado a 500 - 150.9808
X Salud mental y primeros auxilios psicológicos  valor no válido  / 616.895025
X Procesos psicológicos  valor no válido  152..3
X Procesos psicológicos  valor no válido  / 370.1
X Bases biológicas del comportamiento humano  valor no válido  152.
! Taller de desarrollo infantojuvenil  155.7571 hasta 155.4579 rango no válido
X Psicología organizacional  valor no válido  158.9/ 658.3
X Neurociencias de la conducta  valor no válido  158.39 / 612.8
X Neurociencias de la conducta  valor no válido  612.82..6
X Pruebas proyectivas  valor no válido  150.287/ 616.8
X Pruebas proyectivas  valor no válido  /616.895
> Talento humano - 153.94001 hasta 153.94999 (1000) - truncado a 500 - 153.9450
X Enfoques cognitivo comportamentales  valor no válido  616.8522706 / 362.25 /616.852706
X Diseño de instrumentos  valor no válido  547.00884 / 610.280228
X Diseño de instrumentos  valor no válido  / 620.004
X Diseño de instrumentos  valor no válido  / 6810228
X Psicofarmacología  valor no válido  615.1901. 615.2019-615.3019
X Adicciones y trastornos conductuales  valor no válido  158.39 / 612.8
X Adicciones y trastornos conductuales  valor no válido  612.82 612.82339
X Neuropsicología  valor no válido  /616.8
X Neuropsicología  valor no válido  616.8491-.84982
X Neuropsicología  valor no válido  616.851-.858
X Neuropsicología  valor no válido  616.8581-.8582-.8589
X Neuropsicología  valor no válido  616.86-.869
X Neuropsicología  valor no válido  616.891-.898
X Intervención organizacional  valor no válido  158.9/ 658.3
X Evaluación e intervención neuropsicológica  valor no válido  300.3-.9
X Evaluación e intervención neuropsicológica  valor no válido  302.22-.24
> Evaluación e intervención neuropsicológica - 302.30285 hasta 302.35 (4717) - truncado a 500 - 302.30784
X Evaluación e intervención neuropsicológica  valor no válido  /303
X Evaluación e intervención neuropsicológica  valor no válido  303.45-.4909
X Evaluación e intervención neuropsicológica  valor no válido  303.491-.499
X Evaluación e intervención neuropsicológica  valor no válido  303.6303.61
X Evaluación e intervención neuropsicológica  valor no válido  304.2304.5
X Evaluación e intervención neuropsicológica  valor no válido  305.31-.38
X Evaluación e intervención neuropsicológica  valor no válido  305.4305.409-.4896
X Evaluación e intervención neuropsicológica  valor no válido  305.51-.5692
X Evaluación e intervención neuropsicológica  valor no válido  305.9-.909
> Taller de investigación I - 150.195307 hasta 150.198807 (3501) - truncado a 500 - 150.195806
X Ética profesional  valor no válido  178.
X Ética profesional  valor no válido  179.76. 179.8
X Intervención clínica  valor no válido  616.8491-.84982
X Intervención clínica  valor no válido  616.851-.858
X Intervención clínica  valor no válido  616.8581-.8582-.8589
X Intervención clínica  valor no válido  616.86-.869
X Intervención clínica  valor no válido  616.891-.898
# leyendo HOJA Periodoncia - Num. 23
X MEDICINA ORAL  valor no válido  617.5220421-.0423
X MEDICINA ORAL  valor no válido  617.52204225-.0428
X MEDICINA ORAL  valor no válido  617.52205-.08
X MEDICINA ORAL  valor no válido  617.66. 617.67
X INTERDISCIPLINARIAS  valor no válido  617.69 / 617.6
X INTERDISCIPLINARIAS  valor no válido  617.6342 / 617.522
X INTERDISCIPLINARIAS  valor no válido  617.5220421-.0423
X INTERDISCIPLINARIAS  valor no válido  617.52204225-.0428
X INTERDISCIPLINARIAS  valor no válido  617.52205-.08
X INTERDISCIPLINARIAS  valor no válido  617.66. 617.67
X INTERDISCIPLINARIAS  valor no válido  617.69 / 617.60751
X INTERDISCIPLINARIAS  valor no válido  617.6342075 /  617.522
X CLÍNICA  valor no válido  617.6342075 / 616
X CLÍNICA  valor no válido  616.1-616.9:075-079
X INVESTIGACIÓN  valor no válido  / 610.72
X INVESTIGACIÓN  valor no válido  618.0072 /  / 610.72
X Periodoncia  valor no válido  617.6320592---617.6320754
# leyendo HOJA Medicina familiar - Num. 24
> DIDÁCTICA - 610.10071 hasta 610.90071 (80001) - truncado a 500 - 610.1057
> DIDÁCTICA - 616.10071 hasta 616.90072 (80002) - truncado a 500 - 616.1057
> DIDÁCTICA - 618.30071 hasta 618.80071 (50001) - truncado a 500 - 618.3057
X GINECOLOGÍA  valor no válido  618.1-618.8. 618.1-618.8:04
X GINECOLOGÍA  valor no válido  618.1-618.8:05-09
X INVESTIGACIÓN  valor no válido  / 610.72
X INVESTIGACIÓN  valor no válido  618.0072 /  / 610.72
X Didáctica  valor no válido  610.7-610.76 / 611.0071
> Didáctica - 616.10071 hasta 616.90071 (80001) - truncado a 500 - 616.1057
> urgencias médico quirúrgicas - 617.5545059 hasta 617.559059 (45533) - truncado a 500 - 617.5545558
> urgencias médico quirúrgicas - 618.1059 hasta 618.19059 (8471) - truncado a 500 - 618.11089
> Salud mental - 362.2 hasta 362.2086942 (86944) - truncado a 500 - 362.2000499
X Salud mental  valor no válido  362.21--362.24
X Salud mental  valor no válido  /
X Salud mental  valor no válido  614.599/ 618.8-618.9289
# leyendo HOJA Doctorado Dirección de Organiza - Num. 25
> TALENTO HUMANO - 153.94001 hasta 153.94999 (1000) - truncado a 500 - 153.9450
> CIENCIAS SOCIALES - 302.30285 hasta 302.35 (4717) - truncado a 500 - 302.30784
X CIENCIAS SOCIALES  valor no válido  /303
> CIENCIAS SOCIALES - 305.409 hasta 305.4896 (808) - truncado a 500 - 305.4589
> CIENCIAS SOCIALES - 305.51 hasta 305.5692 (594) - truncado a 500 - 305.5599
X ECONOMÍA Y FINANZAS  valor no válido  Economía 330
> ECONOMÍA Y FINANZAS - 334.1 hasta 3347 (30130) - truncado a 500 - 384
X ECONOMÍA Y FINANZAS  valor no válido  336.01-.09
X ECONOMÍA Y FINANZAS  valor no válido  336.4-.9
X ECONOMÍA Y FINANZAS  valor no válido  337.15-.19
X ECONOMÍA Y FINANZAS  valor no válido  337..3-.9
X ECONOMÍA Y FINANZAS  valor no válido  640 /Finanzas 332
X ECONOMÍA Y FINANZAS  valor no válido  332.9 / 338.5
X DIRECCIÓN ESTRATÉGICA  valor no válido  658.407124658.407125
X CIENCIAS SOCIALES  valor no válido  300.3-.9
> CIENCIAS SOCIALES - 302.30285 hasta 302.35 (4717) - truncado a 500 - 302.30784
X CIENCIAS SOCIALES  valor no válido  /303
> CIENCIAS SOCIALES - 305.409 hasta 305.4896 (808) - truncado a 500 - 305.4589
> CIENCIAS SOCIALES - 305.51 hasta 305.5692 (594) - truncado a 500 - 305.5599
> TALENTO HUMANO - 153.94001 hasta 153.94999 (1000) - truncado a 500 - 153.9450
X MERCADOTECNIA Y VENTAS ESTRATÉGICAS  valor no válido  Mercadotecnia 381.1
X MERCADOTECNIA Y VENTAS ESTRATÉGICAS  valor no válido  (381.45
X MERCADOTECNIA Y VENTAS ESTRATÉGICAS  valor no válido  381.45001-381.45999)
X MERCADOTECNIA Y VENTAS ESTRATÉGICAS  valor no válido  (381.456413-381.454130068)ventas 658.3044
X MERCADOTECNIA Y VENTAS ESTRATÉGICAS  valor no válido  658.883/ 658.56
X MERCADOTECNIA Y VENTAS ESTRATÉGICAS  valor no válido  658.564 / 658.72
X LOGÍSTICA, MANUFACTURA Y CALIDAD  valor no válido  Logística 658.5
X LOGÍSTICA, MANUFACTURA Y CALIDAD  valor no válido  658.564/ 355
X LOGÍSTICA, MANUFACTURA Y CALIDAD  valor no válido  355.001-.009
X LOGÍSTICA, MANUFACTURA Y CALIDAD  valor no válido  355.07 / 658.5
X LOGÍSTICA, MANUFACTURA Y CALIDAD  valor no válido  658.5001-.5009
X LOGÍSTICA, MANUFACTURA Y CALIDAD  valor no válido  355.001-.009
X LOGÍSTICA, MANUFACTURA Y CALIDAD  valor no válido  355.07 / 658.5
X LOGÍSTICA, MANUFACTURA Y CALIDAD  valor no válido  658.5001-.5009
X LOGÍSTICA, MANUFACTURA Y CALIDAD  valor no válido  658.503/Manufacura 671
X LOGÍSTICA, MANUFACTURA Y CALIDAD  valor no válido  674.02674.0212
X LOGÍSTICA, MANUFACTURA Y CALIDAD  valor no válido  675. 675.2
X LOGÍSTICA, MANUFACTURA Y CALIDAD  valor no válido  686.2254/ Calidad 620
X TECNOLOGÍAS DE INFORMACIÓN Y METODOLOGÍA PARA LA TOMA DE DECISIONES  valor no válido  Tecnologías de Información 003.3
X TECNOLOGÍAS DE INFORMACIÓN Y METODOLOGÍA PARA LA TOMA DE DECISIONES  valor no válido  //620.0042
X TECNOLOGÍAS DE INFORMACIÓN Y METODOLOGÍA PARA LA TOMA DE DECISIONES  valor no válido  621.384 /Toma de desiciones 658.403
# leyendo HOJA Ing. en computación y sistemas - Num. 26
X LENGUA Y CULTURA  valor no válido  /401
X LENGUA Y CULTURA  valor no válido  /404.2
X LENGUA Y CULTURA  valor no válido  /406/306.446/407/408/408.9409/410/411-415/417
X LENGUA Y CULTURA  valor no válido  417.7/ 420-491/492-499
X MATEMÁTICAS  valor no válido  531.6531.68
X MATEMÁTICAS  valor no válido  537.6537.62-537.65
X FUNDAMENTOS DE COMPUTACIÓN  valor no válido  004.3. 004.33
X ELECTRÓNICA BÁSICA  valor no válido  /621.3
X ELECTRÓNICA AVANZADA  valor no válido  /621.37
X ELECTRÓNICA AVANZADA  valor no válido  621.3743/
X ELECTRÓNICA AVANZADA  valor no válido  621.402-.406
X ELECTRÓNICA AVANZADA  valor no válido  621.85-.859
X ELECTRÓNICA AVANZADA  valor no válido  621.8676/
X ELECTRÓNICA AVANZADA  valor no válido  629.2509.
X INGENIERÍA DE SOFTWARE  valor no válido  // 620.00420285536
X TRATAMIENTO DE LA INFORMACIÓN  valor no válido  //620.0042
X TRATAMIENTO DE LA INFORMACIÓN  valor no válido  621.384//302.231
X INTERACCIÓN HOMBRE - MÁQUINA  valor no válido  Inteligencia artificial 006.3019
X INTERACCIÓN HOMBRE - MÁQUINA  valor no válido  006.3843019//Redes sociales 302.3
X INTERACCIÓN HOMBRE - MÁQUINA  valor no válido  659.144//Ingeniería621.3984
X INTERACCIÓN HOMBRE - MÁQUINA  valor no válido  621.3987 //Robotica 629
X EMPRENDIMIENTO  valor no válido  650.1658.01
X REDES SOCIALES  valor no válido  659.144//redes de datos 001.60141
# leyendo HOJA Ing. en software - Num. 27
X EMPRENDIMIENTO  valor no válido  650.1658.01
X MATEMÁTICAS  valor no válido  531.6531.68
X MATEMÁTICAS  valor no válido  537.6537.62-537.65
X PROGRAMACIÓN E INGENIERÍA DE SOFTWARE  valor no válido  programación 005.1
X PROGRAMACIÓN E INGENIERÍA DE SOFTWARE  valor no válido  //ing. de software 005.1
X PROGRAMACIÓN E INGENIERÍA DE SOFTWARE  valor no válido  005.166005.18
X PROGRAMACIÓN E INGENIERÍA DE SOFTWARE  valor no válido  // 620.00420285536
X ARQUITECTURA DE COMPUTADORAS  valor no válido  004.22. 004.7019
X ARQUITECTURA DE COMPUTADORAS  valor no válido  440.77019/ 621.39
X TRATAMIENTO DE INFOROMACIÓN  valor no válido  //620.0042
X TRATAMIENTO DE INFOROMACIÓN  valor no válido  621.384//302.231
X INGENIERÍA DE SOFTWARE  valor no válido  005.166005.18
X INGENIERÍA DE SOFTWARE  valor no válido  // 620.00420285536
X INTERACCIÓN HOMBRE MÁQUINA  valor no válido  computación 004.019/Inteligencia artificial 006.3019
X INTERACCIÓN HOMBRE MÁQUINA  valor no válido  006.3843019//Redes sociales 302.3
X INTERACCIÓN HOMBRE MÁQUINA  valor no válido  659.144//ingeniería 621.398
X INTERACCIÓN HOMBRE MÁQUINA  valor no válido  621.3987//Robotica 629
X EMPRENDIMIENTO  valor no válido  650.1658.01
X ÁREA DISCIPLINAR  valor no válido  programación  005.1
X ÁREA DISCIPLINAR  valor no válido  621.9023 / /arquitectura de computadoras 004
X ÁREA DISCIPLINAR  valor no válido  004.22. 004.7019
X ÁREA DISCIPLINAR  valor no válido  440.77019/ 621.39
X ÁREA DISCIPLINAR  valor no válido  621.3996/software de base 005.1015113
X ÁREA DISCIPLINAR  valor no válido  005.1076/Ing. de software 005.1
X ÁREA DISCIPLINAR  valor no válido  005.166005.18
X ÁREA DISCIPLINAR  valor no válido  // 620.00420285536
X ÁREA DISCIPLINAR  valor no válido  620.0042028566                  /interacción Hombre-Maquína computación 004.019/Inteligencia artificial 006.3019
X ÁREA DISCIPLINAR  valor no válido  006.3843019//Redes sociales 302.3
X ÁREA DISCIPLINAR  valor no válido  659.144//ingeniería 621.398
X ÁREA DISCIPLINAR  valor no válido  621.3987//Robotica 629
X ÁREA DISCIPLINAR  valor no válido  629.895/
X EDUCACIÓN GENERAL  valor no válido  372.3372.4
# leyendo HOJA Mtría en Ciencias de la salud e - Num. 28
X BIOMEDICINA  valor no válido  612.04072612.1072-612.8072
X INVESTIGACIÓN  valor no válido  / 610.72
X INVESTIGACIÓN  valor no válido  618.0072 /  / 610.72
# leyendo HOJA Mecatrónica - Num. 29
X MATEMÁTICAS  valor no válido  531.6531.68
X MATEMÁTICAS  valor no válido  537.6537.62-537.65
> FÍSICA - 621.3132 hasta 621.38 (669) - truncado a 500 - 621.3631
X FÍSICA  valor no válido  621.384621.38411-621.38485
X FUNDAMENTOS DE INGENIERÍA  valor no válido  621.3. 621.4
X COMUNICACIONES  valor no válido  (621.382
X COMUNICACIONES  valor no válido  621.3821-.38212
X COMUNICACIONES  valor no válido  .38215
X COMUNICACIONES  valor no válido  .38216
X COMUNICACIONES  valor no válido  .3822-.38223)
X COMUNICACIONES  valor no válido  621.38621.3825
X DISEÑO MECÁNICO  valor no válido  629.29  Automotriz 629.2
X DISEÑO MECÁNICO  valor no válido  629.25.629.28
X DISEÑO MECÁNICO  valor no válido  629.29  Mecánica 620.104
X INGENIERÍA DE PROYECTOS  valor no válido  621.471-.477
! INGENIERÍA DE PROYECTOS  628.72 hasta 621.7466 rango no válido
X MANUFACTURA  valor no válido  674.02674.0212
X TÓPICOS PROFESIONALES UNIVERSITARIOS  valor no válido  378.1982827 378.19828282082
X TÓPICOS PROFESIONALES UNIVERSITARIOS  valor no válido  378.199 610.92
X TÓPICOS PROFESIONALES UNIVERSITARIOS  valor no válido  658.28 378
# leyendo HOJA Mtría Global estratégica en dir - Num. 30
X Introducción a las Finanzas  valor no válido  025.11/ 262.0068/ 324.21
X Introducción a las Finanzas  valor no válido  /332
X Introducción a las Finanzas  valor no válido  332.9 /332.72
X Introducción a las Finanzas  valor no válido  332.722/336
X Introducción a las Finanzas  valor no válido  336.01-.012
X Introducción a las Finanzas  valor no válido  .0121
X Introducción a las Finanzas  valor no válido  .013
X Introducción a las Finanzas  valor no válido  .0131
X Introducción a las Finanzas  valor no válido  .0133-.0139
X Introducción a las Finanzas  valor no válido  .014
X Introducción a las Finanzas  valor no válido  .0141
X Introducción a las Finanzas  valor no válido  .0143-.0149
X Introducción a las Finanzas  valor no válido  / /336
X Introducción a las Finanzas  valor no válido  336.39 /  / 338.5
X Introducción a las Finanzas  valor no válido  /351
X Introducción a las Finanzas  valor no válido  352.3/ 352.4
X Introducción a las Finanzas  valor no válido  /378.101
X Introducción a las Finanzas  valor no válido  / 384.041
X Introducción a las Finanzas  valor no válido  / 388.049 / 640.43/ 657.835
X Finanzas Corporativas  valor no válido  338.16 338.2
X Finanzas Corporativas  valor no válido  338.6048 / 658.1
X Introducción a los Derivados  valor no válido  332.632 / 658
X Introducción a los Derivados  valor no válido  -658.1524
X Renta Fija y Colocación de Activos  valor no válido  332.415 / 332.3
X Liderazgo y Gobierno Corporativo  valor no válido  790.092321.001-321.009
# leyendo HOJA Laboratorio clínico - Num. 31
X Instrumentación II  valor no válido  Instumentación diversos 152.4
X Instrumentación II  valor no válido  547.00884 / Instrumentación Medicina 610.28
X Instrumentación II  valor no válido  618.028/ Instrumentación Ingeniería  620.004
X Instrumentación II  valor no válido  658.45 / Instrumentos de precisión y otros dispositivos 681
X Temas Selectos de Biología Celular y Molecular  valor no válido  Biología Celular 571
X Temas Selectos de Biología Celular y Molecular  valor no válido  571.657  571.658
X Temas Selectos de Biología Celular y Molecular  valor no válido  /Biología Molecular 570
# leyendo HOJA Biónica líneas complementarias - Num. 32
X Cultura Occidental y Humanismo Cristiano  valor no válido  306.09498 /
# leyendo HOJA Medicina - Num. 33
X BIOQUÍMICA  valor no válido  611.018--572
X DIAGNÓSTICO Y TERAPÉUTICA  valor no válido  615.801-615.801-615.809
X DIAGNÓSTICO Y TERAPÉUTICA  valor no válido  / 616.075
X CLÍNICA  valor no válido  616.1-616.9:075-079
X QUIRÚRGICA  valor no válido  610.28. 610.7367
X INVESTIGACIÓN  valor no válido  / 610.7
> INVESTIGACIÓN - 610.10072 hasta 610.90072 (80001) - truncado a 500 - 610.10571
> INVESTIGACIÓN - 616.10072 hasta 616.90072 (80001) - truncado a 500 - 616.10571
> INVESTIGACIÓN - 618.30072 hasta 618.80072 (50001) - truncado a 500 - 618.30571
# leyendo HOJA Enfermeria (mixta) - Num. 34
X Bases de Enfermería  valor no válido  610.7.0285
X Administración y Atención Primaria a la Salud  valor no válido  610.7343.068
X Investigación  valor no válido  /610.73071
# leyendo HOJA Administración Financiera y Bur - Num. 35
X EMPRENDIMIENTO  valor no válido  650.1658.01
X IDIOMAS  valor no válido  / 430
X IDIOMAS  valor no válido  /440
X IDIOMAS  valor no válido  / 450
X IDIOMAS  valor no válido  / 460
X IDIOMAS  valor no válido  / 470
X IDIOMAS  valor no válido  / 480
X IDIOMAS  valor no válido  / 490
X MÉTODOS CUANTITATIVOS  valor no válido  /658.15
X MÉTODOS CUANTITATIVOS  valor no válido  / 658.403
X MÉTODOS CUANTITATIVOS  valor no válido  /658.5
X ANÁLISIS ECONÓMICO FINANCIERO  valor no válido  332.9 / 338.5
X ANÁLISIS DE INFORMACIÓN FINANCIERA  valor no válido  / 262.0068
X ANÁLISIS DE INFORMACIÓN FINANCIERA  valor no válido  / 324.21
X ANÁLISIS DE INFORMACIÓN FINANCIERA  valor no válido  /332
X ANÁLISIS DE INFORMACIÓN FINANCIERA  valor no válido  /332.72
X ANÁLISIS DE INFORMACIÓN FINANCIERA  valor no válido  /336
X ANÁLISIS DE INFORMACIÓN FINANCIERA  valor no válido  336.01-.012
X ANÁLISIS DE INFORMACIÓN FINANCIERA  valor no válido  .0121
X ANÁLISIS DE INFORMACIÓN FINANCIERA  valor no válido  .013
X ANÁLISIS DE INFORMACIÓN FINANCIERA  valor no válido  .0131
X ANÁLISIS DE INFORMACIÓN FINANCIERA  valor no válido  .0133-.0139
X ANÁLISIS DE INFORMACIÓN FINANCIERA  valor no válido  .014
X ANÁLISIS DE INFORMACIÓN FINANCIERA  valor no válido  /658.1
X ADMINISTRACIÓN  valor no válido  /658
X ADMINISTRACIÓN  valor no válido  658.42-.47
> ADMINISTRACIÓN - 658.7 hasta 658.7885 (886) - truncado a 500 - 658.7499
X FINANZAS CORPORATIVAS  valor no válido  338.16 338.2
X FINANZAS CORPORATIVAS  valor no válido  338.6048 / 658.1
X MÉTODOS CUANTITATIVOS AVANZDOS  valor no válido  352.39 / 658.15
X ANÁLISIS AVANZADO DE INFORMACIÓN FINANCIERA  valor no válido  cif 657
X ANÁLISIS AVANZADO DE INFORMACIÓN FINANCIERA  valor no válido  657.96/ nif 657.3
X ANÁLISIS AVANZADO DE INFORMACIÓN FINANCIERA  valor no válido  / aif 658.15
X ADMINISTRACIÓN DE RIESGOS FINANCIEROS  valor no válido  332.67 / 658.1
X ADMINISTRACIÓN ESTRATÉGICA  valor no válido  658.18 /378.048/
X ADMINISTRACIÓN ESTRATÉGICA  valor no válido  /796.069
X ADMINISTRACIÓN ESTRATÉGICA  valor no válido  796.0694/  658
X ESTRATEGIAS FINANCIERAS  valor no válido  381.45332024/ 658.1
X EMPRENDIMIENTO  valor no válido  658.401 / 658.1
X EDUCACIÓN GENERAL  valor no válido  372.3372.4
X INVESTIGACIÓN  valor no válido  352.73072352.75072
X INVESTIGACIÓN  valor no válido  378.007 / 332.072
# leyendo HOJA RANGOS CIAC - Num. 36
X Ciencias de la computación, información y obras generales  valor no válido  Diccionario
X Ciencias de la computación, información y obras generales  valor no válido  enciclopedias y manuales: Ciencias de la computación 001.03
X Ciencias de la computación, información y obras generales  valor no válido  006.03  / Bibliotecología y ciencias de la información 020.3
X Ciencias de la computación, información y obras generales  valor no válido  027.003  / Obras enciclopédicas generales 030
X Ciencias de la computación, información y obras generales  valor no válido  039 / Organizaciones generales y museología 060.3
X Ciencias de la computación, información y obras generales  valor no válido  069.03 / Medios noticiosos
X Ciencias de la computación, información y obras generales  valor no válido  periodismo y publicación 070.3
X Ciencias de la computación, información y obras generales  valor no válido  070.503 / Colecciones generales 080.3  / Manuscritos y libros raros 090.03
# leyendo HOJA Revoe - Num. 37
> FORMACIÓN EN FISIOLOGÍA - 571.5071 hasta 571.9071 (4001) - truncado a 500 - 571.557
X FORMACIÓN EN FISIOLOGÍA  valor no válido  / 611.0180071
> FORMACIÓN EN FISIOLOGÍA - 612.0140071 hasta 612.0144150071 (4079072) - truncado a 500 - 612.0140071499
> FORMACIÓN EN FISIOLOGÍA - 612.040071 hasta 612.4050071 (3649363) - truncado a 500 - 612.0401209
X FORMACIÓN EN FISIOLOGÍA  valor no válido  612.612.6280071
X NUTRICIÓN AVANZADA  valor no válido  / 612.3
X INTEGRACIÓN  valor no válido  /001.4
# leyendo HOJA Enfermería - Num. 38
# leyendo HOJA Veterinaria - Num. 39
# leyendo HOJA Administarción - Num. 40
# leyendo HOJA Ingeniería electrónica - Num. 41
# leyendo HOJA Mtra - Num. 42
# leyendo HOJA Hoja6 - Num. 43
# leyendo HOJA Odontología - Num. 44
# leyendo HOJA Endodoncia - Num. 45
# leyendo HOJA Contabilidad y alta dirección - Num. 46
# leyendo HOJA Químico farmacobiólogo - Num. 47
# leyendo HOJA Cine - Num. 48
# leyendo HOJA Gastronomía - Num. 49
# leyendo HOJA Tecnología educativa - Num. 50
# leyendo HOJA Diseño y producción publicitari - Num. 51
# leyendo HOJA Comercio internacional - Num. 52
# leyendo HOJA Turismo - Num. 53
# leyendo HOJA Psicología - Num. 54
# leyendo HOJA Mercadotecnia - Num. 55
# leyendo HOJA Logística - Num. 56
# leyendo HOJA Idiomas - Num. 57
# leyendo HOJA DDG - Num. 58
# leyendo HOJA Ingeniería industrial - Num. 59
# leyendo HOJA Agronomía - Num. 60
# leyendo HOJA Patología - Num. 61
# leyendo HOJA Idiomas2 - Num. 62
# leyendo HOJA Diseño automotriz - Num. 63
# leyendo HOJA Especialidad en medicina perros - Num. 64
# leyendo HOJA Nutrición - Num. 65
# leyendo HOJA Fisioterapia - Num. 66
# leyendo HOJA Medicina2 - Num. 67
# leyendo HOJA Doc. Educación - Num. 68
# leyendo HOJA Maestría en educación - Num. 69
# leyendo HOJA Especialidad medicina perros y  - Num. 70
# leyendo HOJA Ciencias políticas - Num. 71
# leyendo HOJA Diseño gráfic digital - Num. 72
# leyendo HOJA Maestría ciencias de la salud - Num. 73
X Bioquímica Clínica   valor no válido  612.01528. 612.01575
X Biomedicina  valor no válido  612.04072612.1072-612.8072
X Investigación Clínica  valor no válido  610.76/001.4
X Investigación Clínica  valor no válido  / 610.72
X Medicina Basada en Evidencias  valor no válido  616.1-616.9:075-079
# leyendo HOJA Médico cirujano odontólogo - Num. 74
X IDIOMAS  valor no válido  / 430
X IDIOMAS  valor no válido  /440
X IDIOMAS  valor no válido  / 450
X IDIOMAS  valor no válido  / 460
X IDIOMAS  valor no válido  / 470
X IDIOMAS  valor no válido  / 480
X IDIOMAS  valor no válido  / 490
> BIOLOGÍA - 577 hasta 579.1788 (21790) - truncado a 500 - 577.0499
X BIOLOGÍA  valor no válido  578.77073  / 617.604427
X ENDODONCIA  valor no válido  // 617.6
X CIRUGÍA OPERATORIA  valor no válido  617.05.617.08
X REHABILITACIÓN INTEGRAL  valor no válido  617.
X REHABILITACIÓN INTEGRAL  valor no válido  // 617.6306
> CRECIMIENTO Y DESARROLLO - 612.1045 hasta 612.18 (756) - truncado a 500 - 612.1544
> CRECIMIENTO Y DESARROLLO - 612.2045 hasta 612.28 (756) - truncado a 500 - 612.2544
> CRECIMIENTO Y DESARROLLO - 612.4045 hasta 612.49 (857) - truncado a 500 - 612.4544
! CRECIMIENTO Y DESARROLLO  612.6045 hasta 612.49 rango no válido
> CRECIMIENTO Y DESARROLLO - 612.6045 hasta 612.68 (756) - truncado a 500 - 612.6544
X LEGAL  valor no válido  342.1-342.3--.9
X LEGAL  valor no válido  343.1-343.1-2
X LEGAL  valor no válido  343.3-.9
X LEGAL  valor no válido  344.01-.09
X LEGAL  valor no válido  344.1-.2
X LEGAL  valor no válido  344.3-.9
X LEGAL  valor no válido  345.1-345.3-.9
X LEGAL  valor no válido  346.1-346.3-.9
X LEGAL  valor no válido  347.3-.9348
X LEGAL  valor no válido  348.01-.05
X LEGAL  valor no válido  348.1-.3-.9
X LEGAL  valor no válido  349.4-.9
X ADMINISTRACIÓN  valor no válido  658.42-.47
> ADMINISTRACIÓN - 658.7 hasta 658.7885 (886) - truncado a 500 - 658.7499
X ÁREA DISCIPLINAR  valor no válido  617.63071 617.63075
X EDUCACIÓN GENERAL  valor no válido  370.1-.9
X EDUCACIÓN GENERAL  valor no válido  370.11-.158
X EDUCACIÓN GENERAL  valor no válido  371.01-.08
X EDUCACIÓN GENERAL  valor no válido  371.1023-.195
X EDUCACIÓN GENERAL  valor no válido  371.2001-.2009
X EDUCACIÓN GENERAL  valor no válido  371.201-.207
X EDUCACIÓN GENERAL  valor no válido  372.1-.9
X EDUCACIÓN GENERAL  valor no válido  373.01-.09
X EDUCACIÓN GENERAL  valor no válido  373.21-.28
X EDUCACIÓN GENERAL  valor no válido  373.3-.9
X EDUCACIÓN GENERAL  valor no válido  374.003-.005
X EDUCACIÓN GENERAL  valor no válido  375.0001-.0009
X EDUCACIÓN GENERAL  valor no válido  375.001-.006
X EDUCACIÓN GENERAL  valor no válido  378.001-.009
X EDUCACIÓN GENERAL  valor no válido  378.101-.109
X EDUCACIÓN GENERAL  valor no válido  378.4-.9
X EDUCACIÓN GENERAL  valor no válido  379.4-.9
X INVESTIGACIÓN  valor no válido  / 610.72
# leyendo HOJA Oftalmología - Num. 75
# leyendo HOJA Biotecnología - Num. 76
X LENGUA Y CULTURA  valor no válido  /401
X LENGUA Y CULTURA  valor no válido  /404.2
X LENGUA Y CULTURA  valor no válido  /406/306.446/407/408/408.9409/410/411-415/417
X LENGUA Y CULTURA  valor no válido  417.7/ 420-491/492-499
X MATEMÁTICAS  valor no válido  531.6531.68
X MATEMÁTICAS  valor no válido  537.6537.62-537.65
X FÍSICA  valor no válido  /539
X FÍSICA  valor no válido  /
X QUÍMICA  valor no válido  /615.2-615.3
X BIOTECNOLOGÍA Y SOCIEDAD  valor no válido  305.908305.909
X BIOTECNOLOGÍA Y SOCIEDAD  valor no válido  660.2-.7
X BIOTECNOLOGÍA Y SOCIEDAD  valor no válido  660.28-.28449
X QUÍMICA AVANZADA  valor no válido  661.802-.805
X QUÍMICA AVANZADA  valor no válido  /615.2-615.3
X BIOQUÍMICA  valor no válido  612.01528. 612.01575
X MICROBIOLOGÍA y BIOPROCESOS  valor no válido  9041  //660.2
X MICROBIOLOGÍA y BIOPROCESOS  valor no válido  660.28-.28449
X MICROBIOLOGÍA y BIOPROCESOS  valor no válido  660.28.7
X MICROBIOLOGÍA y BIOPROCESOS  valor no válido  660.28424-.284298
X GENÉTICA Y MOLECULAR  valor no válido  660.5//570
X BIOTECNOLOGÍA BLANCA  valor no válido  579.1757579.177
X BIOTECNOLOGÍA BLANCA  valor no válido  579.1788/660.2961
X INTEGRACIÓN  valor no válido  /001.4
# leyendo HOJA Doctorado en ingenieria mecatro - Num. 77
X FUNDAMENTOS DE
SISTEMAS
MECATRÓNICOS  valor no válido  Diseño 629.204
X FUNDAMENTOS DE
SISTEMAS
MECATRÓNICOS  valor no válido  629.29/ Automotriz 629.2
X FUNDAMENTOS DE
SISTEMAS
MECATRÓNICOS  valor no válido  629.25.629.28
X FUNDAMENTOS DE
SISTEMAS
MECATRÓNICOS  valor no válido  629.29 / Mecánica 620.104
X FUNDAMENTOS DE
SISTEMAS
MECATRÓNICOS  valor no válido  629.2872 / Sistema electrico 629.2293
X FUNDAMENTOS DE
SISTEMAS
MECATRÓNICOS  valor no válido  629.89 / Motores 621.3
X FUNDAMENTOS DE
SISTEMAS
MECATRÓNICOS  valor no válido  629.2504 /Mecatrónica 621
X FUNDAMENTOS DE
SISTEMAS
MECATRÓNICOS  valor no válido  629.892//629.2293
X FUNDAMENTOS DE
SISTEMAS
MECATRÓNICOS  valor no válido  //Sensores681
X FUNDAMENTOS DE
SISTEMAS
MECATRÓNICOS  valor no válido  681.4 681.41
X FUNDAMENTOS DE
SISTEMAS
MECATRÓNICOS  valor no válido  //Robotica 629
X SISTEMAS
INTELIGENTES  valor no válido  629.836//Astronáutica 629.4
X SISTEMAS
SUSTENTABLES  valor no válido  Energia solar 621.3
X SISTEMAS
SUSTENTABLES  valor no válido  621.323-.328
X SISTEMAS
SUSTENTABLES  valor no válido  / Fertilizantes 631.584
X SISTEMAS
SUSTENTABLES  valor no válido  / Agua de lluvia 628.1
X SEMINARIOS  valor no válido  629.892//629.2293
# leyendo HOJA Doctorado en logistica - Num. 78
X LOGÍSTICA Y CADENA DE SUMINISTRO  valor no válido  355.8// 352.55
X OPERACIONES LOGÍSTICAS  valor no válido  355.49 / 658.5
X OPERACIONES LOGÍSTICAS  valor no válido  658.5001-.5009
> SEMINARIOS DE INVESTIGACIÓN - 355.02 hasta 35507 (3515200) - truncado a 500 - 360.01
X SEMINARIOS DE INVESTIGACIÓN  valor no válido  .355.032
X SEMINARIOS DE INVESTIGACIÓN  valor no válido  355.07 // 658.5030072
# leyendo HOJA Doctorado en educación - Num. 79
> PROCESOS DE FORMACIÓN Y PRÁCTICAS EDUCATIVAS - 371.90432 hasta 371.9569 (5260) - truncado a 500 - 371.90931
X PROCESOS DE FORMACIÓN Y PRÁCTICAS EDUCATIVAS  valor no válido  378.1378.12212
! PROCESOS DE FORMACIÓN Y PRÁCTICAS EDUCATIVAS  378.172 hasta 179 rango no válido
X PROCESOS DE FORMACIÓN Y PRÁCTICAS EDUCATIVAS  valor no válido  378.177-.1797
X PROCESOS DE FORMACIÓN Y PRÁCTICAS EDUCATIVAS  valor no válido  378.175-.1758
X POLÍTICA Y GESTIÓN EDUCATIVAS  valor no válido  / 370.8
X POLÍTICA Y GESTIÓN EDUCATIVAS  valor no válido  379.4-.9
X RECURSOS METODOLÓGICOS PARA LA INVESTIGACIÓN  valor no válido  378.179 / 001.4
X INVESTIGACIÓN  valor no válido  /001.4
# leyendo HOJA MAESTRÍA EN DIRECCIÓN Y MERCADO - Num. 80
> DIRECCIÓN Y GESTIÓN ORGANIZACIONAL - 658.40100684 hasta 658.40900684 (800001) - truncado a 500 - 658.40101183
> DIRECCIÓN Y GESTIÓN ORGANIZACIONAL - 658.403100684 hasta 658.403800684 (700001) - truncado a 500 - 658.403101183
> DIRECCIÓN Y GESTIÓN ORGANIZACIONAL - 658.4030200684 hasta 658.4030900684 (700002) - truncado a 500 - 658.4030201183
X MERCADOTECNIA  valor no válido  658.80401-.80409
# leyendo HOJA D PLANEACIÓN ESTRATÉGICA Y DIRE - Num. 81
X PLANEACIÓN ESTRATÉGICA Y DIRECCIÓN DE TECNOLOGÍA  valor no válido  //615.1900684
X PLANEACIÓN ESTRATÉGICA Y DIRECCIÓN DE TECNOLOGÍA  valor no válido  621.5100684.68400684
X PLANEACIÓN ESTRATÉGICA Y DIRECCIÓN DE TECNOLOGÍA  valor no válido  620.5.0681
> PLANEACIÓN ESTRATÉGICA Y DIRECCIÓN DE TECNOLOGÍA - 622.40681 hasta 622.80681 (40002) - truncado a 500 - 622.4118
> PLANEACIÓN ESTRATÉGICA Y DIRECCIÓN DE TECNOLOGÍA - 623.10681 hasta 623.70681 (60002) - truncado a 500 - 623.1118
> PLANEACIÓN ESTRATÉGICA Y DIRECCIÓN DE TECNOLOGÍA - 627.10681 hasta 627.90681 (80001) - truncado a 500 - 627.1118
X PLANEACIÓN ESTRATÉGICA Y DIRECCIÓN DE TECNOLOGÍA  valor no válido  629.80681 /338.7
# leyendo HOJA Doc. en tecnologías de la infor - Num. 82
X Comercio Electrónico  valor no válido  //657.83900285
X Tecnologías de Información  valor no válido  //620.0042
X Ingeniería de Software  valor no válido  005.166005.18
X Ingeniería de Software  valor no válido  // 620.00420285536
X Dirección de Organizaciones  valor no válido  658.80401-.80409
X Mercadotecnia  valor no válido  658.80401-.80409
# leyendo HOJA Enfermería en neonatología - Num. 83
X Educación y Gestión en Salud  valor no válido  / 610.73
X Educación y Gestión en Salud  valor no válido  610.73014 610.730148
X Educación y Gestión en Salud  valor no válido  649.8/174.29
X Educación y Gestión en Salud  valor no válido  362.11.0684
X Promoción para la Salud  valor no válido  /371.712
X Promoción para la Salud  valor no válido  /362.11
X Promoción para la Salud  valor no válido  /649.33
> Enfermería en Neonatología I - 618.92100231 hasta 618.92900231 (800002) - truncado a 500 - 618.9210073
X Terapia Farmacológica en Neonatología  valor no válido  615.880832/618.92001-618.92009
X Investigación  valor no válido  / 610.72
X Seminario de Investigación en Enfermería II  valor no válido  174.29892072 / 610.73072
# leyendo HOJA Doctorado Sistemas integrados - Num. 84
X LÍNEAS CURRICULARES  valor no válido  (Manufactura. 671
X LÍNEAS CURRICULARES  valor no válido  674.02674.0212
X LÍNEAS CURRICULARES  valor no válido  675. 675.2
X LÍNEAS CURRICULARES  valor no válido  679.7)
X LÍNEAS CURRICULARES  valor no válido  (Fundamentos de calidad 658
X LÍNEAS CURRICULARES  valor no válido  658.577/ 670.285
X LÍNEAS CURRICULARES  valor no válido  670.4275)
X LÍNEAS CURRICULARES  valor no válido  (Producción. 658.5
X LÍNEAS CURRICULARES  valor no válido  658.564)
X LÍNEAS CURRICULARES  valor no válido  (Maquinaria Agrícola
X LÍNEAS CURRICULARES  valor no válido  manufactura. 631.3
X LÍNEAS CURRICULARES  valor no válido  681.763)
X LÍNEAS CURRICULARES  valor no válido  (Fabricación metalúrgica. 671.3
X LÍNEAS CURRICULARES  valor no válido  681.767)
X LÍNEAS CURRICULARES  valor no válido  (Maquinaria. Eléctrica  y manufactura. 621.31042
X LÍNEAS CURRICULARES  valor no válido  ) (Maquinaria Médica
X LÍNEAS CURRICULARES  valor no válido  manufactura. 681.761)
X LÍNEAS CURRICULARES  valor no válido  (Máquinas taquigráficas. 686.2254
X LÍNEAS CURRICULARES  valor no válido  681.61) (Herramientas 621.9
X LÍNEAS CURRICULARES  valor no válido  621.99) (Diseño 604
X LÍNEAS CURRICULARES  valor no válido  /600
X LÍNEAS CURRICULARES  valor no válido  690)
X LÍNEAS CURRICULARES  valor no válido  (Procesos de manufactura. 671.2-671.7
X LÍNEAS CURRICULARES  valor no válido  671.73)
X FUNDAMENTOS DE CALIDAD  valor no válido  658.577/ 670.285
X FUNDAMENTOS DE MANUFACTURA  valor no válido  /671
X FUNDAMENTOS DE MANUFACTURA  valor no válido  674.02674.0212
X FUNDAMENTOS DE MANUFACTURA  valor no válido  675. 675.2
X FUNDAMENTOS DE MANUFACTURA  valor no válido  /680
X FUNDAMENTOS DE MANUFACTURA  valor no válido  688  / 631.3
X SISTEMAS PRODUCTIVOS  valor no válido  (Producción. 658.5
X SISTEMAS PRODUCTIVOS  valor no válido  658.564) (Maquinaria Agrícola y manufactura. 631.3
X SISTEMAS PRODUCTIVOS  valor no válido  681.763)
X SISTEMAS PRODUCTIVOS  valor no válido  (Fabricación metalúrgica. 671.3
X SISTEMAS PRODUCTIVOS  valor no válido  681.767)
X SISTEMAS PRODUCTIVOS  valor no válido  (Maquinaria. Eléctrica
X SISTEMAS PRODUCTIVOS  valor no válido  manufactura. 621.31042
X SISTEMAS PRODUCTIVOS  valor no válido  ) (Maquinaria Médica
X SISTEMAS PRODUCTIVOS  valor no válido  manufactura. 681.761)
X SISTEMAS PRODUCTIVOS  valor no válido  (Máquinas de escribir
X SISTEMAS PRODUCTIVOS  valor no válido  manufactura 686.2254
X SISTEMAS PRODUCTIVOS  valor no válido  681.61) (Herramientas 621.9
X SISTEMAS PRODUCTIVOS  valor no válido  621.99)
X DISEÑO Y MANUFACTURA  valor no válido  Diseño 604
X DISEÑO Y MANUFACTURA  valor no válido  /600
X DISEÑO Y MANUFACTURA  valor no válido  690 / Manufactura 671
X DISEÑO Y MANUFACTURA  valor no válido  674.02674.0212
X DISEÑO Y MANUFACTURA  valor no válido  675. 675.2
X PROCESOS DE MANUFACTURA  valor no válido  670.42671/ 671.2-671.7
X PROCESOS DE MANUFACTURA  valor no válido  671.73 / 681.1
X PROCESOS DE MANUFACTURA  valor no válido  681.8 / 621.9
X INVESTIGACIÓN  valor no válido  / 001.4
# leyendo HOJA Ingeniería química industrial - Num. 85
X LENGUA Y CULTURA  valor no válido  /401
X LENGUA Y CULTURA  valor no válido  /404.2
X LENGUA Y CULTURA  valor no válido  /406/306.446/407/408/408.9409/410/411-415/417
X LENGUA Y CULTURA  valor no válido  417.7/ 420-491/492-499
X QUIMICA  valor no válido  /615.2-615.3
X MATEMÁTICAS  valor no válido  537.6 537.62-537.65
X FÍSICA  valor no válido  /539
X FÍSICA  valor no válido  / 621
> FÍSICA - 621.3132 hasta 621.38 (669) - truncado a 500 - 621.3631
X FÍSICA  valor no válido  / 621.384621.38411-621.38485
> INGENIERÍA QUÍMICA - 661 hasta 661.804 (805) - truncado a 500 - 661.499
X INGENIERÍA QUÍMICA  valor no válido  -661.808
! INGENIERÍA QUÍMICA  663.501 hasta 663.5009 rango no válido
X INGENIERÍA QUÍMICA  valor no válido  663.9: 0284
X INGENIERÍA QUÍMICA  valor no válido  664.22-.23
X INGENIERÍA QUÍMICA  valor no válido  664.52-.54
X INGENIERÍA QUÍMICA  valor no válido  664.62-.66
X INGENIERÍA QUÍMICA  valor no válido  664.806-.809
X NEGOCIOS  valor no válido  /  343.08
X NEGOCIOS  valor no válido  / 382
X NEGOCIOS  valor no válido  / 513.93
X NEGOCIOS  valor no válido  / 629.895
X INGENIERIA AMBIENTAL  valor no válido  / 333.714
X ING. INDUSTRIAL  valor no válido  / 670
X TERMODINÁMICA  valor no válido  Termodinámica en física 534-538
X TERMODINÁMICA  valor no válido  /Termodinámica en Química 541.36
X TERMODINÁMICA  valor no válido  /Termobiología 572.436/Termodinámica en Ingeniería 621.4
X FENÓMENOS DE TRANSPORTE  valor no válido  /660.2842
X DISEÑO Y OPTIMIZACIÓN DE PROCESOS QUÍMCOS  valor no válido  660.299 / 660
X MECATRÓNICA  valor no válido  Diseño 629.204
X MECATRÓNICA  valor no válido  629.29/ Automotriz 629.2
X MECATRÓNICA  valor no válido  629.25.629.28
X MECATRÓNICA  valor no válido  629.29 / Mecánica 620.104
X MECATRÓNICA  valor no válido  629.2872 / Sistema electrico 629.2293
X MECATRÓNICA  valor no válido  629.89 / Motores 621.3
X MECATRÓNICA  valor no válido  629.2504 /Mecatrónica 621
X MECATRÓNICA  valor no válido  629.892//629.2293
X MECATRÓNICA  valor no válido  //Sensores681
X MECATRÓNICA  valor no válido  681.4 681.41
X MECATRÓNICA  valor no válido  //Robotica 629
X ALIMENTOS  valor no válido  641.2-641.8641.302-.309
X ALIMENTOS  valor no válido  / 664
X INGENIERIA DE PROCESOS QUÍMICOS Y PETROQUIMICOS  valor no válido  Ing. de procesos químicos 660
X INGENIERIA DE PROCESOS QUÍMICOS Y PETROQUIMICOS  valor no válido  / Petroquímicos 665.4
# leyendo HOJA Ingeniería en proyectos industr - Num. 86
X Matemáticas  valor no válido  537.6 537.62-537.65
X Gestión  valor no válido  658.02 658.022
X Gestión  valor no válido  658.16. 658.18
X Gestión  valor no válido  658.42-.47
> Gestión - 658.7 hasta 658.7885 (886) - truncado a 500 - 658.7499
X Química y física  valor no válido  /615.2-615.3
X Química y física  valor no válido  660/ Física 530
X Química y física  valor no válido  /539
X Química y física  valor no válido  / 621
> Química y física - 621.3132 hasta 621.38 (669) - truncado a 500 - 621.3631
X Química y física  valor no válido  / 621.384621.38411-621.38485
X Manufactura  valor no válido  674.02674.0212
X Manufactura  valor no válido  675. 675.2
X Productividad  valor no válido  // 621.707
X Logística  valor no válido  658.564/ 355
X Logística  valor no válido  355.001-.009
X Logística  valor no válido  355.07 / 658.5
X Logística  valor no válido  658.5001-.5009
X Logística  valor no válido  355.001-.009
X Logística  valor no válido  355.07 / 658.5
X Logística  valor no válido  658.5001-.5009
# leyendo HOJA Mtría. Ciencia de datos e Intel - Num. 87
X Capital humano  valor no válido  68.3001-.3009
X Capital humano  valor no válido  658.301-.306
X Ciencia de datos en inteligencia de negocios  valor no válido  026/027
X Ciencia de datos en inteligencia de negocios  valor no válido  005.759 174.4
X Ciencia de datos en inteligencia de negocios  valor no válido  /  343.08
X Ciencia de datos en inteligencia de negocios  valor no válido  / 382
X Ciencia de datos en inteligencia de negocios  valor no válido  / 513.93
X Ciencia de datos en inteligencia de negocios  valor no válido  / 629.895
X Gestión de sistemas empresariales  valor no válido  651.8416658.02
X Gestión de sistemas empresariales  valor no válido  658.11 658.4
X Ciencia de datos  valor no válido  026/027
X inteligencia de negocios  valor no válido  /  343.08
X inteligencia de negocios  valor no válido  / 382
X inteligencia de negocios  valor no válido  / 513.93
X inteligencia de negocios  valor no válido  / 629.895
X Profesionalización  valor no válido  / 727.4
X Profesionalización  valor no válido  / 070.41
X Profesionalización  valor no válido  /  808.02
X Profesionalización  valor no válido  / 621.38217107
X Profesionalización  valor no válido  / 370.71
X Profesionalización  valor no válido  / 378.194
X Profesionalización  valor no válido  / 610.92
X Profesionalización  valor no válido  / 370.8
X Profesionalización  valor no válido  / 378.17
X Profesionalización  valor no válido  / 370.71
X Profesionalización  valor no válido  /  650.13
X Profesionalización  valor no válido  /  371.33
X Profesionalización  valor no válido  / 658.812
X Profesionalización  valor no válido  / 658.28
# leyendo HOJA Educación matemática - Num. 88
X DIDÁCTICA DE LAS MATEMÁTICAS  valor no válido  515.6. 515.62
X TÓPICOS EN EDUCACIÓN  valor no válido  370.11-.370.158
> TÓPICOS EN EDUCACIÓN - 371.1023 hasta 371.195 (928) - truncado a 500 - 371.1522
# leyendo HOJA Doctorado en logística y direcc - Num. 89
X PROCESOS LOGÍSTICOS  valor no válido  355.49 / 658.5
X PROCESOS LOGÍSTICOS  valor no válido  658.5001-.5009
X DIRECCIÓN DE LA CADENA DE SUMINISTRO  valor no válido  //651.2900684
X LOGÍSTICA COMERCIAL  valor no válido  //658.50029
X LOGÍSTICA COMERCIAL  valor no válido  658.5770029/ 355
X LOGÍSTICA COMERCIAL  valor no válido  355.001-.009
X LOGÍSTICA COMERCIAL  valor no válido  355.07 / 658.5001-.5009
X LOGÍSTICA COMERCIAL  valor no válido  355.001-.009
X OPTIMIZACIÓN  valor no válido  355.8// 352.55
> INVESTIGACIÓN - 355.02 hasta 35507 (3515200) - truncado a 500 - 360.01
X INVESTIGACIÓN  valor no válido  .355.032
X INVESTIGACIÓN  valor no válido  355.07 // 658.5030072
X INVESTIGACIÓN  valor no válido  658.5770072// 658.70072
X INVESTIGACIÓN  valor no válido  //651.290072
# leyendo HOJA Maestría en logística y direcci - Num. 90
X PROCESOS LOGÍSTICOS  valor no válido  355.49 / 658.5
X PROCESOS LOGÍSTICOS  valor no válido  658.5001-.5009
X DIRECCIÓN DE LA CADENA DE SUMINISTRO  valor no válido  //651.2900684
X LOGÍSTICA COMERCIAL  valor no válido  //658.50029
X LOGÍSTICA COMERCIAL  valor no válido  658.5770029/ 355
X LOGÍSTICA COMERCIAL  valor no válido  355.001-.009
X LOGÍSTICA COMERCIAL  valor no válido  355.07 / 658.5001-.5009
X LOGÍSTICA COMERCIAL  valor no válido  355.001-.009
X OPTIMIZACIÓN  valor no válido  355.8// 352.55
> INVESTIGACIÓN - 355.02 hasta 35507 (3515200) - truncado a 500 - 360.01
X INVESTIGACIÓN  valor no válido  .355.032
X INVESTIGACIÓN  valor no válido  355.07 // 658.5030072
X INVESTIGACIÓN  valor no válido  658.5770072// 658.70072
X INVESTIGACIÓN  valor no válido  //651.290072
# leyendo HOJA Biónica - Num. 91
X IDIOMAS  valor no válido  / 430
X IDIOMAS  valor no válido  /440
X IDIOMAS  valor no válido  / 450
X IDIOMAS  valor no válido  / 460
X IDIOMAS  valor no válido  / 470
X IDIOMAS  valor no válido  / 480
X IDIOMAS  valor no válido  / 490
X MATEMATICAS  valor no válido  537.6 537.62-537.65
X FISICA  valor no válido  /539
X FISICA  valor no válido  / 621
> FISICA - 621.3132 hasta 621.38 (669) - truncado a 500 - 621.3631
X FISICA  valor no válido  621.3821-621.38284 / 621.384
X QUIMICA  valor no válido  /615.2-615.3
X FUNDAMENTOS DE INGENIERIA  valor no válido  621.3. 621.4
X COMUNICACIONES  valor no válido  (621.382
X COMUNICACIONES  valor no válido  621.3821-.38212
X COMUNICACIONES  valor no válido  .38215
X COMUNICACIONES  valor no válido  .38216
X COMUNICACIONES  valor no válido  .3822-.38223)
X COMUNICACIONES  valor no válido  621.38621.3825
X DISEÑO MECANICO  valor no válido  Diseño 629.204
X DISEÑO MECANICO  valor no válido  629.29/ Automotriz 629.2
X DISEÑO MECANICO  valor no válido  629.25.629.28
X DISEÑO MECANICO  valor no válido  629.29 / Mecánica 620.104
X DISEÑO MECANICO  valor no válido  629.2872 / Sistema electrico 629.2293
X DISEÑO MECANICO  valor no válido  629.89 / Motores 621.3
X DISEÑO MECANICO  valor no válido  629.2504 /Mecatrónica 621
X DISEÑO MECANICO  valor no válido  629.892//629.2293
X DISEÑO MECANICO  valor no válido  / Sensores681
X DISEÑO MECANICO  valor no válido  681.4 681.41
X DISEÑO MECANICO  valor no válido  / Robotica 629
X MANUFACTURA  valor no válido  674.02674.0212
X MANUFACTURA  valor no válido  675. 675.2
X SISTEMAS ELECTRONICOS DE POTENCIA Y MAQUINAS ELECTRICAS  valor no válido  Sistemas electrónicos de potencia 621.483
X SISTEMAS ELECTRONICOS DE POTENCIA Y MAQUINAS ELECTRICAS  valor no válido  629.1344 629.1345
X SISTEMAS ELECTRONICOS DE POTENCIA Y MAQUINAS ELECTRICAS  valor no válido  //Máquinas eléctricas 621.3
X CONTROL  valor no válido  /629.1
X CONTROL  valor no válido  629.28/ 629.8
X ÁREA DISCIPLINAR  valor no válido  Biónica  003.5
X ÁREA DISCIPLINAR  valor no válido  629.895 /Electrónica digital 621.39029
X ÁREA DISCIPLINAR  valor no válido  621.399 //Electrónica analógica 621
X ÁREA DISCIPLINAR  valor no válido  621.9 / Diseño mecánico 629.204
X ÁREA DISCIPLINAR  valor no válido  629.29 / Automotriz 629.2
X ÁREA DISCIPLINAR  valor no válido  629.25.629.28
X ÁREA DISCIPLINAR  valor no válido  629.29 / Mecánica 620.104
X ÁREA DISCIPLINAR  valor no válido  629.2872 / Sistema electrico 629.2293
X ÁREA DISCIPLINAR  valor no válido  629.89 / Motores 621.3
X ÁREA DISCIPLINAR  valor no válido  629.2504 / Mecatrónica 621
X ÁREA DISCIPLINAR  valor no válido  629.892 / 629.2293
X ÁREA DISCIPLINAR  valor no válido  / Sensores 681
X ÁREA DISCIPLINAR  valor no válido  681.88 / Robotica 629
X ÁREA DISCIPLINAR  valor no válido  629.895 / Sistemas electrónicos de potencia 621.483
X ÁREA DISCIPLINAR  valor no válido  629.1344 629.1345
X ÁREA DISCIPLINAR  valor no válido  //Máquinas eléctricas 621.3
X SISTEMAS ACADÉMICOS DE PERTINENCIA SOCIAL  valor no válido  378.103 / 158.8
X EDUCACIÓN GENERAL  valor no válido  370.1-.9
X EDUCACIÓN GENERAL  valor no válido  370.11-.158
X EDUCACIÓN GENERAL  valor no válido  371.01-.08
> EDUCACIÓN GENERAL - 371.1023 hasta 371.195 (928) - truncado a 500 - 371.1522
X EDUCACIÓN GENERAL  valor no válido  375.0001-.0009
# leyendo HOJA Rediseño biónica - Num. 92
X Anatomía musculo esquelética  valor no válido  Anatomia musculoesqueletico en animales 573.7
X Anatomía musculo esquelética  valor no válido  573.798/ Anatomia musculoesqueletico en humanos 611.7
X Ortopedia y traumatología  valor no válido  616.775/617.1
X Introducción a la medicina veterinaria y zootecnia  valor no válido  -9549-9557
> Introducción a la medicina veterinaria y zootecnia - 333.95822 hasta 95829 (9549504179) - truncado a 500 - 333.96321
X Introducción a la medicina veterinaria y zootecnia  valor no válido  333.959/636.0891
X Introducción a la medicina veterinaria y zootecnia  valor no válido  636.08982/636
! Introducción a la medicina veterinaria y zootecnia  636.001 hasta 9 rango no válido
> Introducción a la medicina veterinaria y zootecnia - 636.081 hasta 812 (175920) - truncado a 500 - 636.58
X Introducción a la medicina veterinaria y zootecnia  valor no válido  636.083. 636.0831-636.0839
X Introducción a la medicina veterinaria y zootecnia  valor no válido  636.0852-636.08557636.086-0862
X Introducción a la medicina veterinaria y zootecnia  valor no válido  636.088-636.0882-636.0889
# leyendo HOJA Comercio y estrategia internaci - Num. 93
X Metemáticas  valor no válido  537.6 537.62-537.65
X Mercadotecnica  valor no válido  658.80401-.80409
X Estudios regionales  valor no válido  382.093-.099
X Derecho  valor no válido  342.1-342.3--.9
X Derecho  valor no válido  343.1-343.1-2
X Derecho  valor no válido  343.3-.9
X Derecho  valor no válido  344.01-.09
X Derecho  valor no válido  344.1-.2
X Derecho  valor no válido  344.3-.9
X Derecho  valor no válido  345.1-345.3-.9
X Derecho  valor no válido  346.1-346.3-.9
X Derecho  valor no válido  347.3-.9348
X Derecho  valor no válido  348.01-.05
X Derecho  valor no válido  348.1-.3-.9
X Derecho  valor no válido  349.4-.9
> Economía - 334.1 hasta 3347 (30130) - truncado a 500 - 384
X Economía  valor no válido  336.01-.09
X Economía  valor no válido  336.4-.9
X Economía  valor no válido  337.15-.19
X Economía  valor no válido  337..3-.9
X Administración  valor no válido  658.42-.47
> Administración - 658.7 hasta 658.7885 (886) - truncado a 500 - 658.7499
> Comercio internaiconal - 381.432 hasta 439 (57569) - truncado a 500 - 381.931
! Comercio internaiconal  382.41 hasta 45 rango no válido
! Comercio internaiconal  382.52 hasta 54 rango no válido
X Comercio internaiconal  valor no válido  382.753. 382.78
> Comercio internaiconal - 382.913 hasta 919 (536088) - truncado a 500 - 383.412
! Comercio internaiconal  382.93 hasta 99 rango no válido
X Negocios internacionales  valor no válido  382.93-382.99 / 658.87
X Inteligencia de negocios  valor no válido  /  343.08
X Inteligencia de negocios  valor no válido  / 382
X Inteligencia de negocios  valor no válido  / 513.93
X Inteligencia de negocios  valor no válido  / 629.895
X Agronegocios  valor no válido  658.4092 / 382.1
X Integración  valor no válido  /001.4
# leyendo HOJA Medicina veterinaria - Num. 94
X SEMINARIO DE TITULACIÓN DE MEDICINA VETERINARIA Y ZOOTECNIA  valor no válido  636.08969 636.089691 636.089692 636.0896936 636.0896953 636.0896956 636.0896959 636.089696 636.0896979 636.089698
X INTRODUCCIÓN A LA MEDICINA VETERINARIA Y ZOOTECNIA  valor no válido  -9549-9557
X INTRODUCCIÓN A LA MEDICINA VETERINARIA Y ZOOTECNIA  valor no válido  333.959/636.0891
X INTRODUCCIÓN A LA MEDICINA VETERINARIA Y ZOOTECNIA  valor no válido  636.08982 / 636
! INTRODUCCIÓN A LA MEDICINA VETERINARIA Y ZOOTECNIA  636.001 hasta 9 rango no válido
> INTRODUCCIÓN A LA MEDICINA VETERINARIA Y ZOOTECNIA - 636.081 hasta 812 (175920) - truncado a 500 - 636.58
X INTRODUCCIÓN A LA MEDICINA VETERINARIA Y ZOOTECNIA  valor no válido  636.083. 636.0831-636.0839
> INTRODUCCIÓN A LA MEDICINA VETERINARIA Y ZOOTECNIA - 636.086 hasta 862 (225915) - truncado a 500 - 636.585
X INTRODUCCIÓN A LA MEDICINA VETERINARIA Y ZOOTECNIA  valor no válido  636.088-636.0882-636.0889
X EMBRIOLOGÍA E HISTOLOGÍA VETERINARIA  valor no válido  636.089267. 636.089268
X EMBRIOLOGÍA E HISTOLOGÍA VETERINARIA  valor no válido  636.0892647 / 636.0891
X ANATOMÍA TOPOGRÁFICA Y NEUROANATOMÍA  valor no válido  Anatomía topográfica 636.08911
X ANATOMÍA TOPOGRÁFICA Y NEUROANATOMÍA  valor no válido  636.089198 / Neuroanatomía 636.089578
X ANATOMÍA TOPOGRÁFICA Y NEUROANATOMÍA  valor no válido  636.08968046. 636.089680471
X BACTERIOLOGÍA Y MICOLOGÍA  valor no válido  Bacteriología veterinaria 636.08969
X BACTERIOLOGÍA Y MICOLOGÍA  valor no válido  636.089699446 / Micología veterinaria 571981
X BACTERIOLOGÍA Y MICOLOGÍA  valor no válido  -636.0896918
X FARMACOLOGÍA Y TERAPÉUTICA VETERINARIA  valor no válido  636.0832 636.0895
X ZOOTECNIA Y CLÍNICA DE EQUINOS  valor no válido  636.183 / 636.1089
X CLÍNICA Y ZOOTECNIA DE PEQUEÑAS ESPECIES  valor no válido  Aves 636.5089075
> CLÍNICA Y ZOOTECNIA DE PEQUEÑAS ESPECIES - 636.501075 hasta 636.508075 (7001) - truncado a 500 - 636.501574
X CLÍNICA Y ZOOTECNIA DE PEQUEÑAS ESPECIES  valor no válido  636.598089075 / Peces 639.3089075
X CLÍNICA Y ZOOTECNIA DE PEQUEÑAS ESPECIES  valor no válido  639.344089075 / Reptiles 639.39089075
X CLÍNICA Y ZOOTECNIA DE PEQUEÑAS ESPECIES  valor no válido  639.3984089075 / Conejos 632.6932089075
X CLÍNICA Y ZOOTECNIA DE PEQUEÑAS ESPECIES  valor no válido  636.0896953 / Ratones 632.6
X APICULTURA, PISCICULTURA Y CUNICULTURA  valor no válido  638.17 / 338.371
X APICULTURA, PISCICULTURA Y CUNICULTURA  valor no válido  639.971-639.978 /Pscicultura 338.371
X APICULTURA, PISCICULTURA Y CUNICULTURA  valor no válido  / 639.2
X APICULTURA, PISCICULTURA Y CUNICULTURA  valor no válido  639.971-639.978/599.32
X MEDICINA INTERNA DE PEQUEÑAS ESPECIES  valor no válido  -9549-9557
> MEDICINA INTERNA DE PEQUEÑAS ESPECIES - 333.95822 hasta 95829 (9549504179) - truncado a 500 - 333.96321
X MEDICINA INTERNA DE PEQUEÑAS ESPECIES  valor no válido  333.959 // Aves 636.50896
X MEDICINA INTERNA DE PEQUEÑAS ESPECIES  valor no válido  636.5980896 / Peces 639.30896
X MEDICINA INTERNA DE PEQUEÑAS ESPECIES  valor no válido  639.3440896 / reptiles 639.390896
X MEDICINA INTERNA DE PEQUEÑAS ESPECIES  valor no válido  639.39840896 / conejos 632.69320896
X MEDICINA INTERNA DE PEQUEÑAS ESPECIES  valor no válido  636.0896953 / Ratones 632.6
X TEMAS SELECTOS DE CIRUGÍA DE TEJIDOS BLANDOS EN PEQUEÑAS ESPECIES  valor no válido  Aves 636.50897677
X TEMAS SELECTOS DE CIRUGÍA DE TEJIDOS BLANDOS EN PEQUEÑAS ESPECIES  valor no válido  636.5980897677 / Peces 639.30897677
X TEMAS SELECTOS DE CIRUGÍA DE TEJIDOS BLANDOS EN PEQUEÑAS ESPECIES  valor no válido  639.3440897677 / Reptiles 639.390897677
X TEMAS SELECTOS DE CIRUGÍA DE TEJIDOS BLANDOS EN PEQUEÑAS ESPECIES  valor no válido  639.39840897677 / Conejos 632.69320897677
X TEMAS SELECTOS DE CIRUGÍA DE TEJIDOS BLANDOS EN PEQUEÑAS ESPECIES  valor no válido  636.08976953 / Ratones 632.6
! SALUD GLOBAL  614.423 hasta 429 rango no válido
! SALUD GLOBAL  614.43 hasta 438 rango no válido
X CLÍNICA DE FAUNA SILVESTRE  valor no válido  /590.73075
X CLÍNICA DE FAUNA SILVESTRE  valor no válido  / 590.730750724
X CLÍNICA DE FAUNA SILVESTRE  valor no válido  590.73759075 / 590.730751
X CLÍNICA DE FAUNA SILVESTRE  valor no válido  590.737590751 / 590.730754
X CLÍNICA DE FAUNA SILVESTRE  valor no válido  590.737590754 / 590.730756
X CLÍNICA DE FAUNA SILVESTRE  valor no válido  590.737590756 / 590.730757
X CLÍNICA DE FAUNA SILVESTRE  valor no válido  590.737590757 / 590.730757
X CLÍNICA DE FAUNA SILVESTRE  valor no válido  590.737590758 /590.730759
X CLÍNICA DE BOVINOS Y OVINOS  valor no válido  Bovinos 636.20896836075
> CLÍNICA DE BOVINOS Y OVINOS - 636.222089075 hasta 636.226089075 (4000002) - truncado a 500 - 636.222089574
> CLÍNICA DE BOVINOS Y OVINOS - 636.232 hasta 636.236089 (4091) - truncado a 500 - 636.232499
X CLÍNICA DE BOVINOS Y OVINOS  valor no válido  636.242089075-636.246089075. 636.27089075
X CLÍNICA DE BOVINOS Y OVINOS  valor no válido  636.28089075  / Ovinos 636.3
